<?xml version="1.0" encoding="UTF-8"?>
<testsuites name="bun test" tests="487" assertions="816" failures="30" skipped="3" time="0.520364">
  <testsuite name="examples/todo-app/tests/todo.test.ts" file="examples/todo-app/tests/todo.test.ts" tests="24" assertions="38" failures="0" skipped="0" time="0" hostname="Tims-M5-MacBook-Pro.local">
    <testsuite name="Todo CRUD operations" file="examples/todo-app/tests/todo.test.ts" line="18" tests="9" assertions="14" failures="0" skipped="0" time="0" hostname="Tims-M5-MacBook-Pro.local">
      <testcase name="addTodo creates a new todo" classname="Todo CRUD operations" time="0.000125" file="examples/todo-app/tests/todo.test.ts" line="25" assertions="4" />
      <testcase name="addTodo trims whitespace from title" classname="Todo CRUD operations" time="0.000014" file="examples/todo-app/tests/todo.test.ts" line="34" assertions="1" />
      <testcase name="addTodo creates unique IDs for multiple todos" classname="Todo CRUD operations" time="0.000033" file="examples/todo-app/tests/todo.test.ts" line="40" assertions="1" />
      <testcase name="addTodo throws on empty title" classname="Todo CRUD operations" time="0.000037" file="examples/todo-app/tests/todo.test.ts" line="51" assertions="2" />
      <testcase name="getTodo retrieves a todo by id" classname="Todo CRUD operations" time="0.000017" file="examples/todo-app/tests/todo.test.ts" line="56" assertions="1" />
      <testcase name="getTodo returns undefined for non-existent id" classname="Todo CRUD operations" time="0.000011" file="examples/todo-app/tests/todo.test.ts" line="63" assertions="1" />
      <testcase name="listTodos returns all todos" classname="Todo CRUD operations" time="0.000137" file="examples/todo-app/tests/todo.test.ts" line="69" assertions="1" />
      <testcase name="deleteTodo removes a todo" classname="Todo CRUD operations" time="0.000023" file="examples/todo-app/tests/todo.test.ts" line="79" assertions="2" />
      <testcase name="deleteTodo returns false for non-existent id" classname="Todo CRUD operations" time="0.000009" file="examples/todo-app/tests/todo.test.ts" line="87" assertions="1" />
    </testsuite>
    <testsuite name="Todo completion" file="examples/todo-app/tests/todo.test.ts" line="94" tests="7" assertions="11" failures="0" skipped="0" time="0" hostname="Tims-M5-MacBook-Pro.local">
      <testcase name="completeTodo marks todo as completed" classname="Todo completion" time="0.000017" file="examples/todo-app/tests/todo.test.ts" line="101" assertions="2" />
      <testcase name="completeTodo is idempotent" classname="Todo completion" time="0.000013" file="examples/todo-app/tests/todo.test.ts" line="109" assertions="1" />
      <testcase name="completeTodo throws for non-existent todo" classname="Todo completion" time="0.00001" file="examples/todo-app/tests/todo.test.ts" line="117" assertions="1" />
      <testcase name="uncompleteTodo marks todo as not completed" classname="Todo completion" time="0.00002" file="examples/todo-app/tests/todo.test.ts" line="121" assertions="2" />
      <testcase name="uncompleteTodo throws for non-existent todo" classname="Todo completion" time="0.000017" file="examples/todo-app/tests/todo.test.ts" line="130" assertions="1" />
      <testcase name="listActiveTodos returns only active todos" classname="Todo completion" time="0.000058" file="examples/todo-app/tests/todo.test.ts" line="134" assertions="2" />
      <testcase name="listCompletedTodos returns only completed todos" classname="Todo completion" time="0.000021" file="examples/todo-app/tests/todo.test.ts" line="146" assertions="2" />
    </testsuite>
    <testsuite name="Todo updates" file="examples/todo-app/tests/todo.test.ts" line="158" tests="4" assertions="4" failures="0" skipped="0" time="0" hostname="Tims-M5-MacBook-Pro.local">
      <testcase name="updateTodoTitle changes the title" classname="Todo updates" time="0.000021" file="examples/todo-app/tests/todo.test.ts" line="165" assertions="1" />
      <testcase name="updateTodoTitle trims whitespace" classname="Todo updates" time="0.000007" file="examples/todo-app/tests/todo.test.ts" line="172" assertions="1" />
      <testcase name="updateTodoTitle throws on empty title" classname="Todo updates" time="0.000011" file="examples/todo-app/tests/todo.test.ts" line="179" assertions="1" />
      <testcase name="updateTodoTitle throws for non-existent todo" classname="Todo updates" time="0.000009" file="examples/todo-app/tests/todo.test.ts" line="185" assertions="1" />
    </testsuite>
    <testsuite name="Bulk operations" file="examples/todo-app/tests/todo.test.ts" line="190" tests="2" assertions="3" failures="0" skipped="0" time="0" hostname="Tims-M5-MacBook-Pro.local">
      <testcase name="clearCompleted removes all completed todos" classname="Bulk operations" time="0.000039" file="examples/todo-app/tests/todo.test.ts" line="197" assertions="2" />
      <testcase name="clearCompleted returns 0 when no completed todos" classname="Bulk operations" time="0.000005" file="examples/todo-app/tests/todo.test.ts" line="210" assertions="1" />
    </testsuite>
    <testsuite name="Statistics" file="examples/todo-app/tests/todo.test.ts" line="220" tests="2" assertions="6" failures="0" skipped="0" time="0" hostname="Tims-M5-MacBook-Pro.local">
      <testcase name="getStats returns correct counts" classname="Statistics" time="0.000008" file="examples/todo-app/tests/todo.test.ts" line="227" assertions="3" />
      <testcase name="getStats returns zeros for empty store" classname="Statistics" time="0.000007" file="examples/todo-app/tests/todo.test.ts" line="240" assertions="3" />
    </testsuite>
  </testsuite>
  <testsuite name="examples/todo-app/tests/architecture.test.ts" file="examples/todo-app/tests/architecture.test.ts" tests="1" assertions="1" failures="1" skipped="0" time="0" hostname="Tims-M5-MacBook-Pro.local">
    <testsuite name="Architecture" file="examples/todo-app/tests/architecture.test.ts" line="5" tests="1" assertions="1" failures="1" skipped="0" time="0" hostname="Tims-M5-MacBook-Pro.local">
      <testcase name="uses Bun monorepo with workspaces" classname="Architecture" time="0.000255" file="examples/todo-app/tests/architecture.test.ts" line="6" assertions="1">
        <failure type="AssertionError" />
      </testcase>
    </testsuite>
  </testsuite>
  <testsuite name="plugins/requirements-tracker/src/__tests__/check.test.ts" file="plugins/requirements-tracker/src/__tests__/check.test.ts" tests="15" assertions="2" failures="13" skipped="0" time="0" hostname="Tims-M5-MacBook-Pro.local">
    <testsuite name="Check Command" file="plugins/requirements-tracker/src/__tests__/check.test.ts" line="14" tests="15" assertions="2" failures="13" skipped="0" time="0.054" hostname="Tims-M5-MacBook-Pro.local">
      <testcase name="handles empty requirements folder" classname="Check Command" time="0.010788" file="plugins/requirements-tracker/src/__tests__/check.test.ts" line="50" assertions="1" />
      <testcase name="outputs JSON when --json flag is set" classname="Check Command" time="0.005035" file="plugins/requirements-tracker/src/__tests__/check.test.ts" line="59" assertions="0">
        <failure type="AssertionError" />
      </testcase>
      <testcase name="reports verification status: n/a" classname="Check Command" time="0.002635" file="plugins/requirements-tracker/src/__tests__/check.test.ts" line="80" assertions="0">
        <failure type="AssertionError" />
      </testcase>
      <testcase name="reports verification status: unverified" classname="Check Command" time="0.004063" file="plugins/requirements-tracker/src/__tests__/check.test.ts" line="99" assertions="0">
        <failure type="AssertionError" />
      </testcase>
      <testcase name="reports verification status: verified" classname="Check Command" time="0.004155" file="plugins/requirements-tracker/src/__tests__/check.test.ts" line="119" assertions="0">
        <failure type="AssertionError" />
      </testcase>
      <testcase name="reports verification status: stale (detects and clears assessment)" classname="Check Command" time="0.003069" file="plugins/requirements-tracker/src/__tests__/check.test.ts" line="158" assertions="0">
        <failure type="AssertionError" />
      </testcase>
      <testcase name="reports coverage: untested vs tested requirements" classname="Check Command" time="0.003241" file="plugins/requirements-tracker/src/__tests__/check.test.ts" line="201" assertions="0">
        <failure type="AssertionError" />
      </testcase>
      <testcase name="filters by path: check specific folder" classname="Check Command" time="0.004862" file="plugins/requirements-tracker/src/__tests__/check.test.ts" line="229" assertions="0">
        <failure type="AssertionError" />
      </testcase>
      <testcase name="filters by path: check specific file" classname="Check Command" time="0.004017" file="plugins/requirements-tracker/src/__tests__/check.test.ts" line="257" assertions="0">
        <failure type="AssertionError" />
      </testcase>
      <testcase name="detects orphaned tests" classname="Check Command" time="0.005441" file="plugins/requirements-tracker/src/__tests__/check.test.ts" line="285" assertions="0">
        <failure type="AssertionError" />
      </testcase>
      <testcase name="excludes ignored tests from orphans" classname="Check Command" time="0.003063" file="plugins/requirements-tracker/src/__tests__/check.test.ts" line="316" assertions="0">
        <failure type="AssertionError" />
      </testcase>
      <testcase name="noCache flag forces re-extraction" classname="Check Command" time="0.003094" file="plugins/requirements-tracker/src/__tests__/check.test.ts" line="357" assertions="0">
        <failure type="AssertionError" />
      </testcase>
      <testcase name="updates stale hashes (when no assessment exists)" classname="Check Command" time="0.002483" file="plugins/requirements-tracker/src/__tests__/check.test.ts" line="390" assertions="0">
        <failure type="AssertionError" />
      </testcase>
      <testcase name="errors when not initialized" classname="Check Command" time="0.000702" file="plugins/requirements-tracker/src/__tests__/check.test.ts" line="422" assertions="1" />
      <testcase name="counts unanswered questions" classname="Check Command" time="0.002869" file="plugins/requirements-tracker/src/__tests__/check.test.ts" line="432" assertions="0">
        <failure type="AssertionError" />
      </testcase>
    </testsuite>
  </testsuite>
  <testsuite name="plugins/requirements-tracker/src/__tests__/gherkin.test.ts" file="plugins/requirements-tracker/src/__tests__/gherkin.test.ts" tests="30" assertions="70" failures="0" skipped="0" time="0" hostname="Tims-M5-MacBook-Pro.local">
    <testsuite name="Gherkin Parser" file="plugins/requirements-tracker/src/__tests__/gherkin.test.ts" line="11" tests="30" assertions="70" failures="0" skipped="0" time="0" hostname="Tims-M5-MacBook-Pro.local">
      <testsuite name="parseGherkin" file="plugins/requirements-tracker/src/__tests__/gherkin.test.ts" line="12" tests="8" assertions="31" failures="0" skipped="0" time="0" hostname="Tims-M5-MacBook-Pro.local">
        <testcase name="parses single-line input with all keywords inline" classname="parseGherkin &amp;gt; Gherkin Parser" time="0.00021" file="plugins/requirements-tracker/src/__tests__/gherkin.test.ts" line="13" assertions="5" />
        <testcase name="parses multi-line input already formatted" classname="parseGherkin &amp;gt; Gherkin Parser" time="0.000038" file="plugins/requirements-tracker/src/__tests__/gherkin.test.ts" line="30" assertions="5" />
        <testcase name="parses input with And/But keywords" classname="parseGherkin &amp;gt; Gherkin Parser" time="0.000017" file="plugins/requirements-tracker/src/__tests__/gherkin.test.ts" line="53" assertions="7" />
        <testcase name="handles mixed case keywords" classname="parseGherkin &amp;gt; Gherkin Parser" time="0.00002" file="plugins/requirements-tracker/src/__tests__/gherkin.test.ts" line="81" assertions="4" />
        <testcase name="handles extra whitespace" classname="parseGherkin &amp;gt; Gherkin Parser" time="0.00002" file="plugins/requirements-tracker/src/__tests__/gherkin.test.ts" line="94" assertions="4" />
        <testcase name="returns error for empty input" classname="parseGherkin &amp;gt; Gherkin Parser" time="0.000007" file="plugins/requirements-tracker/src/__tests__/gherkin.test.ts" line="107" assertions="2" />
        <testcase name="returns error for input without keywords" classname="parseGherkin &amp;gt; Gherkin Parser" time="0.000011" file="plugins/requirements-tracker/src/__tests__/gherkin.test.ts" line="115" assertions="2" />
        <testcase name="returns error for empty step text" classname="parseGherkin &amp;gt; Gherkin Parser" time="0.000013" file="plugins/requirements-tracker/src/__tests__/gherkin.test.ts" line="123" assertions="2" />
      </testsuite>
      <testsuite name="formatGherkin" file="plugins/requirements-tracker/src/__tests__/gherkin.test.ts" line="132" tests="3" assertions="3" failures="0" skipped="0" time="0" hostname="Tims-M5-MacBook-Pro.local">
        <testcase name="formats steps to one keyword per line" classname="formatGherkin &amp;gt; Gherkin Parser" time="0.000028" file="plugins/requirements-tracker/src/__tests__/gherkin.test.ts" line="133" assertions="1" />
        <testcase name="formats steps with And/But" classname="formatGherkin &amp;gt; Gherkin Parser" time="0.00001" file="plugins/requirements-tracker/src/__tests__/gherkin.test.ts" line="146" assertions="1" />
        <testcase name="handles empty steps array" classname="formatGherkin &amp;gt; Gherkin Parser" time="0.000005" file="plugins/requirements-tracker/src/__tests__/gherkin.test.ts" line="161" assertions="1" />
      </testsuite>
      <testsuite name="validateGherkinStructure" file="plugins/requirements-tracker/src/__tests__/gherkin.test.ts" line="167" tests="8" assertions="15" failures="0" skipped="0" time="0" hostname="Tims-M5-MacBook-Pro.local">
        <testcase name="validates correct Given/When/Then sequence" classname="validateGherkinStructure &amp;gt; Gherkin Parser" time="0.000049" file="plugins/requirements-tracker/src/__tests__/gherkin.test.ts" line="168" assertions="2" />
        <testcase name="validates sequence with And/But" classname="validateGherkinStructure &amp;gt; Gherkin Parser" time="0.00001" file="plugins/requirements-tracker/src/__tests__/gherkin.test.ts" line="180" assertions="1" />
        <testcase name="rejects starting with When" classname="validateGherkinStructure &amp;gt; Gherkin Parser" time="0.000009" file="plugins/requirements-tracker/src/__tests__/gherkin.test.ts" line="194" assertions="2" />
        <testcase name="rejects And before any primary keyword" classname="validateGherkinStructure &amp;gt; Gherkin Parser" time="0.000004" file="plugins/requirements-tracker/src/__tests__/gherkin.test.ts" line="205" assertions="2" />
        <testcase name="rejects missing When" classname="validateGherkinStructure &amp;gt; Gherkin Parser" time="0.000025" file="plugins/requirements-tracker/src/__tests__/gherkin.test.ts" line="220" assertions="2" />
        <testcase name="rejects missing Then" classname="validateGherkinStructure &amp;gt; Gherkin Parser" time="0.000016" file="plugins/requirements-tracker/src/__tests__/gherkin.test.ts" line="231" assertions="2" />
        <testcase name="warns about multiple Given/When/Then blocks" classname="validateGherkinStructure &amp;gt; Gherkin Parser" time="0.000015" file="plugins/requirements-tracker/src/__tests__/gherkin.test.ts" line="242" assertions="2" />
        <testcase name="rejects empty steps" classname="validateGherkinStructure &amp;gt; Gherkin Parser" time="0.000012" file="plugins/requirements-tracker/src/__tests__/gherkin.test.ts" line="259" assertions="2" />
      </testsuite>
      <testsuite name="parseAndFormat" file="plugins/requirements-tracker/src/__tests__/gherkin.test.ts" line="266" tests="5" assertions="9" failures="0" skipped="0" time="0" hostname="Tims-M5-MacBook-Pro.local">
        <testcase name="auto-formats single-line input" classname="parseAndFormat &amp;gt; Gherkin Parser" time="0.00002" file="plugins/requirements-tracker/src/__tests__/gherkin.test.ts" line="267" assertions="2" />
        <testcase name="normalizes already formatted input" classname="parseAndFormat &amp;gt; Gherkin Parser" time="0.00001" file="plugins/requirements-tracker/src/__tests__/gherkin.test.ts" line="280" assertions="2" />
        <testcase name="returns error for invalid structure" classname="parseAndFormat &amp;gt; Gherkin Parser" time="0.00001" file="plugins/requirements-tracker/src/__tests__/gherkin.test.ts" line="290" assertions="2" />
        <testcase name="returns error for empty input" classname="parseAndFormat &amp;gt; Gherkin Parser" time="0" file="plugins/requirements-tracker/src/__tests__/gherkin.test.ts" line="299" assertions="1" />
        <testcase name="handles complex input with And/But" classname="parseAndFormat &amp;gt; Gherkin Parser" time="0.000015" file="plugins/requirements-tracker/src/__tests__/gherkin.test.ts" line="305" assertions="2" />
      </testsuite>
      <testsuite name="isValidGherkinFormat" file="plugins/requirements-tracker/src/__tests__/gherkin.test.ts" line="319" tests="5" assertions="9" failures="0" skipped="0" time="0" hostname="Tims-M5-MacBook-Pro.local">
        <testcase name="validates properly formatted gherkin" classname="isValidGherkinFormat &amp;gt; Gherkin Parser" time="0.000075" file="plugins/requirements-tracker/src/__tests__/gherkin.test.ts" line="320" assertions="2" />
        <testcase name="detects multiple keywords on one line" classname="isValidGherkinFormat &amp;gt; Gherkin Parser" time="0.000071" file="plugins/requirements-tracker/src/__tests__/gherkin.test.ts" line="329" assertions="2" />
        <testcase name="detects line without keyword" classname="isValidGherkinFormat &amp;gt; Gherkin Parser" time="0.000013" file="plugins/requirements-tracker/src/__tests__/gherkin.test.ts" line="340" assertions="2" />
        <testcase name="validates structure as well as format" classname="isValidGherkinFormat &amp;gt; Gherkin Parser" time="0.000032" file="plugins/requirements-tracker/src/__tests__/gherkin.test.ts" line="351" assertions="2" />
        <testcase name="handles empty lines gracefully" classname="isValidGherkinFormat &amp;gt; Gherkin Parser" time="0.000023" file="plugins/requirements-tracker/src/__tests__/gherkin.test.ts" line="361" assertions="1" />
      </testsuite>
      <testsuite name="round-trip consistency" file="plugins/requirements-tracker/src/__tests__/gherkin.test.ts" line="370" tests="1" assertions="3" failures="0" skipped="0" time="0" hostname="Tims-M5-MacBook-Pro.local">
        <testcase name="produces identical output after double formatting" classname="round-trip consistency &amp;gt; Gherkin Parser" time="0.000014" file="plugins/requirements-tracker/src/__tests__/gherkin.test.ts" line="371" assertions="3" />
      </testsuite>
    </testsuite>
  </testsuite>
  <testsuite name="plugins/requirements-tracker/src/__tests__/store.test.ts" file="plugins/requirements-tracker/src/__tests__/store.test.ts" tests="45" assertions="55" failures="13" skipped="0" time="0" hostname="Tims-M5-MacBook-Pro.local">
    <testsuite name="Store" file="plugins/requirements-tracker/src/__tests__/store.test.ts" line="33" tests="45" assertions="55" failures="13" skipped="0" time="0" hostname="Tims-M5-MacBook-Pro.local">
      <testsuite name="path helpers" file="plugins/requirements-tracker/src/__tests__/store.test.ts" line="44" tests="4" assertions="4" failures="0" skipped="0" time="0" hostname="Tims-M5-MacBook-Pro.local">
        <testcase name="returns correct requirements dir path" classname="path helpers &amp;gt; Store" time="0.000697" file="plugins/requirements-tracker/src/__tests__/store.test.ts" line="45" assertions="1" />
        <testcase name="returns correct config path" classname="path helpers &amp;gt; Store" time="0.00059" file="plugins/requirements-tracker/src/__tests__/store.test.ts" line="49" assertions="1" />
        <testcase name="returns correct cache path" classname="path helpers &amp;gt; Store" time="0.0003" file="plugins/requirements-tracker/src/__tests__/store.test.ts" line="53" assertions="1" />
        <testcase name="returns correct ignored tests path" classname="path helpers &amp;gt; Store" time="0.000467" file="plugins/requirements-tracker/src/__tests__/store.test.ts" line="57" assertions="1" />
      </testsuite>
      <testsuite name="directory operations" file="plugins/requirements-tracker/src/__tests__/store.test.ts" line="64" tests="4" assertions="4" failures="0" skipped="0" time="0" hostname="Tims-M5-MacBook-Pro.local">
        <testcase name="requirementsDirExists returns false when dir does not exist" classname="directory operations &amp;gt; Store" time="0.000712" file="plugins/requirements-tracker/src/__tests__/store.test.ts" line="65" assertions="1" />
        <testcase name="requirementsDirExists returns true when dir exists" classname="directory operations &amp;gt; Store" time="0.000771" file="plugins/requirements-tracker/src/__tests__/store.test.ts" line="69" assertions="1" />
        <testcase name="createRequirementsDir creates directory" classname="directory operations &amp;gt; Store" time="0.000476" file="plugins/requirements-tracker/src/__tests__/store.test.ts" line="74" assertions="1" />
        <testcase name="createRequirementsDir is idempotent" classname="directory operations &amp;gt; Store" time="0.000483" file="plugins/requirements-tracker/src/__tests__/store.test.ts" line="79" assertions="1" />
      </testsuite>
      <testsuite name="config operations" file="plugins/requirements-tracker/src/__tests__/store.test.ts" line="86" tests="3" assertions="3" failures="0" skipped="0" time="0.001" hostname="Tims-M5-MacBook-Pro.local">
        <testcase name="loadConfig returns null when config does not exist" classname="config operations &amp;gt; Store" time="0.000362" file="plugins/requirements-tracker/src/__tests__/store.test.ts" line="87" assertions="1" />
        <testcase name="saveConfig and loadConfig handle config correctly" classname="config operations &amp;gt; Store" time="0.000998" file="plugins/requirements-tracker/src/__tests__/store.test.ts" line="91" assertions="1" />
        <testcase name="saveConfig writes valid YAML" classname="config operations &amp;gt; Store" time="0.001563" file="plugins/requirements-tracker/src/__tests__/store.test.ts" line="105" assertions="1" />
      </testsuite>
      <testsuite name="cache operations" file="plugins/requirements-tracker/src/__tests__/store.test.ts" line="121" tests="4" assertions="4" failures="0" skipped="0" time="0" hostname="Tims-M5-MacBook-Pro.local">
        <testcase name="loadCache returns null when cache does not exist" classname="cache operations &amp;gt; Store" time="0.000293" file="plugins/requirements-tracker/src/__tests__/store.test.ts" line="122" assertions="1" />
        <testcase name="saveCache and loadCache handle cache correctly" classname="cache operations &amp;gt; Store" time="0.000608" file="plugins/requirements-tracker/src/__tests__/store.test.ts" line="126" assertions="1" />
        <testcase name="saveCache writes valid JSON" classname="cache operations &amp;gt; Store" time="0.000515" file="plugins/requirements-tracker/src/__tests__/store.test.ts" line="148" assertions="1" />
        <testcase name="saveCache formats JSON with 2-space indentation" classname="cache operations &amp;gt; Store" time="0.000422" file="plugins/requirements-tracker/src/__tests__/store.test.ts" line="165" assertions="1" />
      </testsuite>
      <testsuite name="ignored tests operations" file="plugins/requirements-tracker/src/__tests__/store.test.ts" line="182" tests="4" assertions="4" failures="0" skipped="0" time="0.002" hostname="Tims-M5-MacBook-Pro.local">
        <testcase name="loadIgnoredTests returns default empty list when file does not exist" classname="ignored tests operations &amp;gt; Store" time="0.000472" file="plugins/requirements-tracker/src/__tests__/store.test.ts" line="183" assertions="1" />
        <testcase name="saveIgnoredTests and loadIgnoredTests handle data correctly" classname="ignored tests operations &amp;gt; Store" time="0.001553" file="plugins/requirements-tracker/src/__tests__/store.test.ts" line="188" assertions="1" />
        <testcase name="saveIgnoredTests writes valid YAML" classname="ignored tests operations &amp;gt; Store" time="0.001298" file="plugins/requirements-tracker/src/__tests__/store.test.ts" line="214" assertions="1" />
        <testcase name="loadIgnoredTests handles null/empty YAML content" classname="ignored tests operations &amp;gt; Store" time="0.000742" file="plugins/requirements-tracker/src/__tests__/store.test.ts" line="235" assertions="1" />
      </testsuite>
      <testsuite name="requirement validation" file="plugins/requirements-tracker/src/__tests__/store.test.ts" line="244" tests="2" assertions="12" failures="0" skipped="0" time="0" hostname="Tims-M5-MacBook-Pro.local">
        <testcase name="isValidRequirementPath accepts valid patterns" classname="requirement validation &amp;gt; Store" time="0.000468" file="plugins/requirements-tracker/src/__tests__/store.test.ts" line="245" assertions="5" />
        <testcase name="isValidRequirementPath rejects invalid patterns" classname="requirement validation &amp;gt; Store" time="0.000415" file="plugins/requirements-tracker/src/__tests__/store.test.ts" line="253" assertions="7" />
      </testsuite>
      <testsuite name="requirement CRUD operations" file="plugins/requirements-tracker/src/__tests__/store.test.ts" line="264" tests="9" assertions="7" failures="2" skipped="0" time="0.005" hostname="Tims-M5-MacBook-Pro.local">
        <testcase name="requirementExists returns false when requirement does not exist" classname="requirement CRUD operations &amp;gt; Store" time="0.0005" file="plugins/requirements-tracker/src/__tests__/store.test.ts" line="265" assertions="1" />
        <testcase name="requirementExists returns true when requirement exists" classname="requirement CRUD operations &amp;gt; Store" time="0.000961" file="plugins/requirements-tracker/src/__tests__/store.test.ts" line="270" assertions="1" />
        <testcase name="loadRequirement returns null for invalid path" classname="requirement CRUD operations &amp;gt; Store" time="0.000326" file="plugins/requirements-tracker/src/__tests__/store.test.ts" line="284" assertions="1" />
        <testcase name="loadRequirement returns null for non-existent file" classname="requirement CRUD operations &amp;gt; Store" time="0.000337" file="plugins/requirements-tracker/src/__tests__/store.test.ts" line="288" assertions="1" />
        <testcase name="saveRequirement and loadRequirement handle requirement correctly" classname="requirement CRUD operations &amp;gt; Store" time="0.002068" file="plugins/requirements-tracker/src/__tests__/store.test.ts" line="292" assertions="0">
          <failure type="AssertionError" />
        </testcase>
        <testcase name="loadRequirement initializes empty tests array if missing" classname="requirement CRUD operations &amp;gt; Store" time="0.001712" file="plugins/requirements-tracker/src/__tests__/store.test.ts" line="333" assertions="0">
          <failure type="AssertionError" />
        </testcase>
        <testcase name="loadRequirement throws validation error when status is missing" classname="requirement CRUD operations &amp;gt; Store" time="0.001338" file="plugins/requirements-tracker/src/__tests__/store.test.ts" line="351" assertions="1" />
        <testcase name="saveRequirement throws for invalid path" classname="requirement CRUD operations &amp;gt; Store" time="0.000733" file="plugins/requirements-tracker/src/__tests__/store.test.ts" line="369" assertions="1" />
        <testcase name="saveRequirement writes valid YAML" classname="requirement CRUD operations &amp;gt; Store" time="0.001502" file="plugins/requirements-tracker/src/__tests__/store.test.ts" line="384" assertions="1" />
      </testsuite>
      <testsuite name="nested folder operations" file="plugins/requirements-tracker/src/__tests__/store.test.ts" line="405" tests="2" assertions="1" failures="1" skipped="0" time="0.002" hostname="Tims-M5-MacBook-Pro.local">
        <testcase name="saveRequirement creates parent directories" classname="nested folder operations &amp;gt; Store" time="0.001284" file="plugins/requirements-tracker/src/__tests__/store.test.ts" line="406" assertions="0">
          <failure type="AssertionError" />
        </testcase>
        <testcase name="saveRequirement handles deeply nested paths" classname="nested folder operations &amp;gt; Store" time="0.001359" file="plugins/requirements-tracker/src/__tests__/store.test.ts" line="423" assertions="1" />
      </testsuite>
      <testsuite name="loadAllRequirements" file="plugins/requirements-tracker/src/__tests__/store.test.ts" line="440" tests="7" assertions="9" failures="5" skipped="0" time="0.01" hostname="Tims-M5-MacBook-Pro.local">
        <testcase name="returns empty result when no requirements exist" classname="loadAllRequirements &amp;gt; Store" time="0.000992" file="plugins/requirements-tracker/src/__tests__/store.test.ts" line="441" assertions="2" />
        <testcase name="returns empty result when requirements dir does not exist" classname="loadAllRequirements &amp;gt; Store" time="0.000775" file="plugins/requirements-tracker/src/__tests__/store.test.ts" line="448" assertions="2" />
        <testcase name="finds all requirements in root" classname="loadAllRequirements &amp;gt; Store" time="0.002061" file="plugins/requirements-tracker/src/__tests__/store.test.ts" line="454" assertions="1">
          <failure type="AssertionError" />
        </testcase>
        <testcase name="finds requirements in nested folders" classname="loadAllRequirements &amp;gt; Store" time="0.002814" file="plugins/requirements-tracker/src/__tests__/store.test.ts" line="480" assertions="1">
          <failure type="AssertionError" />
        </testcase>
        <testcase name="ignores non-requirement files" classname="loadAllRequirements &amp;gt; Store" time="0.001962" file="plugins/requirements-tracker/src/__tests__/store.test.ts" line="505" assertions="1">
          <failure type="AssertionError" />
        </testcase>
        <testcase name="returns requirements sorted by path" classname="loadAllRequirements &amp;gt; Store" time="0.003331" file="plugins/requirements-tracker/src/__tests__/store.test.ts" line="529" assertions="1">
          <failure type="AssertionError" />
        </testcase>
        <testcase name="collects validation errors without stopping" classname="loadAllRequirements &amp;gt; Store" time="0.002498" file="plugins/requirements-tracker/src/__tests__/store.test.ts" line="554" assertions="1">
          <failure type="AssertionError" />
        </testcase>
      </testsuite>
      <testsuite name="loadRequirementsInPath" file="plugins/requirements-tracker/src/__tests__/store.test.ts" line="590" tests="6" assertions="7" failures="5" skipped="0" time="0.022" hostname="Tims-M5-MacBook-Pro.local">
        <testcase name="filters by folder prefix with trailing slash" classname="loadRequirementsInPath &amp;gt; Store" time="0.003544" file="plugins/requirements-tracker/src/__tests__/store.test.ts" line="610" assertions="1">
          <failure type="AssertionError" />
        </testcase>
        <testcase name="filters by nested folder" classname="loadRequirementsInPath &amp;gt; Store" time="0.005642" file="plugins/requirements-tracker/src/__tests__/store.test.ts" line="622" assertions="1">
          <failure type="AssertionError" />
        </testcase>
        <testcase name="filters by exact file path" classname="loadRequirementsInPath &amp;gt; Store" time="0.003173" file="plugins/requirements-tracker/src/__tests__/store.test.ts" line="632" assertions="1">
          <failure type="AssertionError" />
        </testcase>
        <testcase name="returns empty result for non-matching path" classname="loadRequirementsInPath &amp;gt; Store" time="0.003738" file="plugins/requirements-tracker/src/__tests__/store.test.ts" line="642" assertions="2" />
        <testcase name="returns all requirements when pathFilter is empty string" classname="loadRequirementsInPath &amp;gt; Store" time="0.003568" file="plugins/requirements-tracker/src/__tests__/store.test.ts" line="648" assertions="1">
          <failure type="AssertionError" />
        </testcase>
        <testcase name="handles partial path matches correctly" classname="loadRequirementsInPath &amp;gt; Store" time="0.005463" file="plugins/requirements-tracker/src/__tests__/store.test.ts" line="653" assertions="1">
          <failure type="AssertionError" />
        </testcase>
      </testsuite>
    </testsuite>
  </testsuite>
  <testsuite name="plugins/requirements-tracker/src/__tests__/add.test.ts" file="plugins/requirements-tracker/src/__tests__/add.test.ts" tests="10" assertions="23" failures="0" skipped="0" time="0" hostname="Tims-M5-MacBook-Pro.local">
    <testsuite name="Add Command" file="plugins/requirements-tracker/src/__tests__/add.test.ts" line="15" tests="10" assertions="23" failures="0" skipped="0" time="0.011" hostname="Tims-M5-MacBook-Pro.local">
      <testcase name="creates requirement file with all fields" classname="Add Command" time="0.003309" file="plugins/requirements-tracker/src/__tests__/add.test.ts" line="50" assertions="6" />
      <testcase name="creates parent directories" classname="Add Command" time="0.001383" file="plugins/requirements-tracker/src/__tests__/add.test.ts" line="77" assertions="1" />
      <testcase name="validates path format (must be REQ_*.yml)" classname="Add Command" time="0.000851" file="plugins/requirements-tracker/src/__tests__/add.test.ts" line="92" assertions="1" />
      <testcase name="validates gherkin contains Given/When/Then" classname="Add Command" time="0.000997" file="plugins/requirements-tracker/src/__tests__/add.test.ts" line="110" assertions="1" />
      <testcase name="validates source type" classname="Add Command" time="0.001084" file="plugins/requirements-tracker/src/__tests__/add.test.ts" line="128" assertions="1" />
      <testcase name="errors if file exists (without --force)" classname="Add Command" time="0.0011" file="plugins/requirements-tracker/src/__tests__/add.test.ts" line="146" assertions="1" />
      <testcase name="overwrites with --force flag" classname="Add Command" time="0.001225" file="plugins/requirements-tracker/src/__tests__/add.test.ts" line="174" assertions="3" />
      <testcase name="errors when not initialized" classname="Add Command" time="0.000594" file="plugins/requirements-tracker/src/__tests__/add.test.ts" line="207" assertions="1" />
      <testcase name="accepts all valid source types" classname="Add Command" time="0.003771" file="plugins/requirements-tracker/src/__tests__/add.test.ts" line="223" assertions="6" />
      <testcase name="creates requirement without optional fields" classname="Add Command" time="0.001443" file="plugins/requirements-tracker/src/__tests__/add.test.ts" line="247" assertions="2" />
    </testsuite>
  </testsuite>
  <testsuite name="plugins/requirements-tracker/src/__tests__/ignore-test.test.ts" file="plugins/requirements-tracker/src/__tests__/ignore-test.test.ts" tests="11" assertions="17" failures="0" skipped="0" time="0" hostname="Tims-M5-MacBook-Pro.local">
    <testsuite name="Ignore Test Commands" file="plugins/requirements-tracker/src/__tests__/ignore-test.test.ts" line="13" tests="11" assertions="17" failures="0" skipped="0" time="0" hostname="Tims-M5-MacBook-Pro.local">
      <testsuite name="ignoreTest" file="plugins/requirements-tracker/src/__tests__/ignore-test.test.ts" line="62" tests="6" assertions="10" failures="0" skipped="0" time="0.006" hostname="Tims-M5-MacBook-Pro.local">
        <testcase name="adds test to ignored list" classname="ignoreTest &amp;gt; Ignore Test Commands" time="0.002329" file="plugins/requirements-tracker/src/__tests__/ignore-test.test.ts" line="63" assertions="5" />
        <testcase name="prevents duplicates" classname="ignoreTest &amp;gt; Ignore Test Commands" time="0.001954" file="plugins/requirements-tracker/src/__tests__/ignore-test.test.ts" line="80" assertions="1" />
        <testcase name="errors on test not found in codebase" classname="ignoreTest &amp;gt; Ignore Test Commands" time="0.00089" file="plugins/requirements-tracker/src/__tests__/ignore-test.test.ts" line="99" assertions="1" />
        <testcase name="errors on invalid test spec format" classname="ignoreTest &amp;gt; Ignore Test Commands" time="0.000859" file="plugins/requirements-tracker/src/__tests__/ignore-test.test.ts" line="115" assertions="1" />
        <testcase name="errors when not initialized" classname="ignoreTest &amp;gt; Ignore Test Commands" time="0.000432" file="plugins/requirements-tracker/src/__tests__/ignore-test.test.ts" line="131" assertions="1" />
        <testcase name="adds multiple tests to ignored list" classname="ignoreTest &amp;gt; Ignore Test Commands" time="0.00379" file="plugins/requirements-tracker/src/__tests__/ignore-test.test.ts" line="145" assertions="1" />
      </testsuite>
      <testsuite name="unignoreTest" file="plugins/requirements-tracker/src/__tests__/ignore-test.test.ts" line="165" tests="5" assertions="7" failures="0" skipped="0" time="0.01" hostname="Tims-M5-MacBook-Pro.local">
        <testcase name="removes test from ignored list" classname="unignoreTest &amp;gt; Ignore Test Commands" time="0.003196" file="plugins/requirements-tracker/src/__tests__/ignore-test.test.ts" line="166" assertions="2" />
        <testcase name="errors on test not in ignored list" classname="unignoreTest &amp;gt; Ignore Test Commands" time="0.00123" file="plugins/requirements-tracker/src/__tests__/ignore-test.test.ts" line="191" assertions="1" />
        <testcase name="errors on invalid test spec format" classname="unignoreTest &amp;gt; Ignore Test Commands" time="0.001125" file="plugins/requirements-tracker/src/__tests__/ignore-test.test.ts" line="206" assertions="1" />
        <testcase name="errors when not initialized" classname="unignoreTest &amp;gt; Ignore Test Commands" time="0.000773" file="plugins/requirements-tracker/src/__tests__/ignore-test.test.ts" line="221" assertions="1" />
        <testcase name="removes correct test when multiple are ignored" classname="unignoreTest &amp;gt; Ignore Test Commands" time="0.005008" file="plugins/requirements-tracker/src/__tests__/ignore-test.test.ts" line="234" assertions="2" />
      </testsuite>
    </testsuite>
  </testsuite>
  <testsuite name="plugins/requirements-tracker/src/__tests__/test-parsers.test.ts" file="plugins/requirements-tracker/src/__tests__/test-parsers.test.ts" tests="27" assertions="55" failures="0" skipped="0" time="0" hostname="Tims-M5-MacBook-Pro.local">
    <testsuite name="Test Parsers" file="plugins/requirements-tracker/src/__tests__/test-parsers.test.ts" line="12" tests="27" assertions="55" failures="0" skipped="0" time="0" hostname="Tims-M5-MacBook-Pro.local">
      <testsuite name="standardParser" file="plugins/requirements-tracker/src/__tests__/test-parsers.test.ts" line="13" tests="5" assertions="9" failures="0" skipped="0" time="0" hostname="Tims-M5-MacBook-Pro.local">
        <testcase name="matches it() with single quotes" classname="standardParser &amp;gt; Test Parsers" time="0.000007" file="plugins/requirements-tracker/src/__tests__/test-parsers.test.ts" line="14" assertions="2" />
        <testcase name="matches test() with double quotes" classname="standardParser &amp;gt; Test Parsers" time="0.000045" file="plugins/requirements-tracker/src/__tests__/test-parsers.test.ts" line="21" assertions="2" />
        <testcase name="matches Bun.test() with backticks" classname="standardParser &amp;gt; Test Parsers" time="0.000013" file="plugins/requirements-tracker/src/__tests__/test-parsers.test.ts" line="28" assertions="2" />
        <testcase name="handles multiple tests" classname="standardParser &amp;gt; Test Parsers" time="0.000006" file="plugins/requirements-tracker/src/__tests__/test-parsers.test.ts" line="35" assertions="1" />
        <testcase name="handles whitespace variations" classname="standardParser &amp;gt; Test Parsers" time="0.000008" file="plugins/requirements-tracker/src/__tests__/test-parsers.test.ts" line="45" assertions="2" />
      </testsuite>
      <testsuite name="modifiersParser" file="plugins/requirements-tracker/src/__tests__/test-parsers.test.ts" line="53" tests="4" assertions="7" failures="0" skipped="0" time="0" hostname="Tims-M5-MacBook-Pro.local">
        <testcase name="matches it.only()" classname="modifiersParser &amp;gt; Test Parsers" time="0.000006" file="plugins/requirements-tracker/src/__tests__/test-parsers.test.ts" line="54" assertions="2" />
        <testcase name="matches test.skip()" classname="modifiersParser &amp;gt; Test Parsers" time="0.000006" file="plugins/requirements-tracker/src/__tests__/test-parsers.test.ts" line="61" assertions="2" />
        <testcase name="matches Bun.test.only()" classname="modifiersParser &amp;gt; Test Parsers" time="0.000002" file="plugins/requirements-tracker/src/__tests__/test-parsers.test.ts" line="68" assertions="2" />
        <testcase name="does not match standard tests" classname="modifiersParser &amp;gt; Test Parsers" time="0.000006" file="plugins/requirements-tracker/src/__tests__/test-parsers.test.ts" line="75" assertions="1" />
      </testsuite>
      <testsuite name="eachParser" file="plugins/requirements-tracker/src/__tests__/test-parsers.test.ts" line="82" tests="4" assertions="7" failures="0" skipped="0" time="0" hostname="Tims-M5-MacBook-Pro.local">
        <testcase name="matches it.each() with array" classname="eachParser &amp;gt; Test Parsers" time="0.000007" file="plugins/requirements-tracker/src/__tests__/test-parsers.test.ts" line="83" assertions="2" />
        <testcase name="matches test.each() with simple array" classname="eachParser &amp;gt; Test Parsers" time="0.00001" file="plugins/requirements-tracker/src/__tests__/test-parsers.test.ts" line="97" assertions="2" />
        <testcase name="matches describe.each()" classname="eachParser &amp;gt; Test Parsers" time="0.000009" file="plugins/requirements-tracker/src/__tests__/test-parsers.test.ts" line="104" assertions="2" />
        <testcase name="does not match standard tests" classname="eachParser &amp;gt; Test Parsers" time="0.000007" file="plugins/requirements-tracker/src/__tests__/test-parsers.test.ts" line="111" assertions="1" />
      </testsuite>
      <testsuite name="templateParser" file="plugins/requirements-tracker/src/__tests__/test-parsers.test.ts" line="118" tests="3" assertions="5" failures="0" skipped="0" time="0" hostname="Tims-M5-MacBook-Pro.local">
        <testcase name="matches it() with template literal" classname="templateParser &amp;gt; Test Parsers" time="0.000012" file="plugins/requirements-tracker/src/__tests__/test-parsers.test.ts" line="119" assertions="2" />
        <testcase name="matches test() with template literal containing expressions" classname="templateParser &amp;gt; Test Parsers" time="0.000006" file="plugins/requirements-tracker/src/__tests__/test-parsers.test.ts" line="126" assertions="2" />
        <testcase name="does not match tests with regular quotes" classname="templateParser &amp;gt; Test Parsers" time="0.000004" file="plugins/requirements-tracker/src/__tests__/test-parsers.test.ts" line="133" assertions="1" />
      </testsuite>
      <testsuite name="extractTestsFromContent integration" file="plugins/requirements-tracker/src/__tests__/test-parsers.test.ts" line="140" tests="11" assertions="27" failures="0" skipped="0" time="0" hostname="Tims-M5-MacBook-Pro.local">
        <testcase name="extracts all standard tests" classname="extractTestsFromContent integration &amp;gt; Test Parsers" time="0.000017" file="plugins/requirements-tracker/src/__tests__/test-parsers.test.ts" line="141" assertions="5" />
        <testcase name="extracts modified tests" classname="extractTestsFromContent integration &amp;gt; Test Parsers" time="0.000033" file="plugins/requirements-tracker/src/__tests__/test-parsers.test.ts" line="154" assertions="3" />
        <testcase name="extracts parametrized tests" classname="extractTestsFromContent integration &amp;gt; Test Parsers" time="0.000009" file="plugins/requirements-tracker/src/__tests__/test-parsers.test.ts" line="165" assertions="2" />
        <testcase name="deduplicates by identifier (first match wins)" classname="extractTestsFromContent integration &amp;gt; Test Parsers" time="0.000012" file="plugins/requirements-tracker/src/__tests__/test-parsers.test.ts" line="174" assertions="2" />
        <testcase name="deduplicates .only variant with standard variant" classname="extractTestsFromContent integration &amp;gt; Test Parsers" time="0.000008" file="plugins/requirements-tracker/src/__tests__/test-parsers.test.ts" line="184" assertions="2" />
        <testcase name="extracts body and computes hash correctly" classname="extractTestsFromContent integration &amp;gt; Test Parsers" time="0.000012" file="plugins/requirements-tracker/src/__tests__/test-parsers.test.ts" line="198" assertions="4" />
        <testcase name="handles nested braces in function body" classname="extractTestsFromContent integration &amp;gt; Test Parsers" time="0.000015" file="plugins/requirements-tracker/src/__tests__/test-parsers.test.ts" line="212" assertions="2" />
        <testcase name="sets correct file path" classname="extractTestsFromContent integration &amp;gt; Test Parsers" time="0.000007" file="plugins/requirements-tracker/src/__tests__/test-parsers.test.ts" line="226" assertions="2" />
        <testcase name="handles mixed test styles" classname="extractTestsFromContent integration &amp;gt; Test Parsers" time="0.000084" file="plugins/requirements-tracker/src/__tests__/test-parsers.test.ts" line="237" assertions="2" />
        <testcase name="produces different hashes for different test bodies" classname="extractTestsFromContent integration &amp;gt; Test Parsers" time="0.000055" file="plugins/requirements-tracker/src/__tests__/test-parsers.test.ts" line="256" assertions="2" />
        <testcase name="produces same hash for identical test bodies" classname="extractTestsFromContent integration &amp;gt; Test Parsers" time="0.000088" file="plugins/requirements-tracker/src/__tests__/test-parsers.test.ts" line="266" assertions="1" />
      </testsuite>
    </testsuite>
  </testsuite>
  <testsuite name="plugins/requirements-tracker/src/__tests__/cache.test.ts" file="plugins/requirements-tracker/src/__tests__/cache.test.ts" tests="19" assertions="38" failures="0" skipped="0" time="0" hostname="Tims-M5-MacBook-Pro.local">
    <testsuite name="Cache" file="plugins/requirements-tracker/src/__tests__/cache.test.ts" line="13" tests="19" assertions="38" failures="0" skipped="0" time="0" hostname="Tims-M5-MacBook-Pro.local">
      <testsuite name="isCacheValid" file="plugins/requirements-tracker/src/__tests__/cache.test.ts" line="24" tests="6" assertions="6" failures="0" skipped="0" time="0.013" hostname="Tims-M5-MacBook-Pro.local">
        <testcase name="returns true when cache is valid" classname="isCacheValid &amp;gt; Cache" time="0.001559" file="plugins/requirements-tracker/src/__tests__/cache.test.ts" line="25" assertions="1" />
        <testcase name="returns false when file modified" classname="isCacheValid &amp;gt; Cache" time="0.012124" file="plugins/requirements-tracker/src/__tests__/cache.test.ts" line="49" assertions="1" />
        <testcase name="returns false when new file added" classname="isCacheValid &amp;gt; Cache" time="0.000932" file="plugins/requirements-tracker/src/__tests__/cache.test.ts" line="78" assertions="1" />
        <testcase name="returns false when file deleted" classname="isCacheValid &amp;gt; Cache" time="0.000945" file="plugins/requirements-tracker/src/__tests__/cache.test.ts" line="105" assertions="1" />
        <testcase name="returns false when version mismatch" classname="isCacheValid &amp;gt; Cache" time="0.000891" file="plugins/requirements-tracker/src/__tests__/cache.test.ts" line="126" assertions="1" />
        <testcase name="returns true when no files exist and cache is empty" classname="isCacheValid &amp;gt; Cache" time="0.000779" file="plugins/requirements-tracker/src/__tests__/cache.test.ts" line="149" assertions="1" />
      </testsuite>
      <testsuite name="buildCache" file="plugins/requirements-tracker/src/__tests__/cache.test.ts" line="162" tests="3" assertions="8" failures="0" skipped="0" time="0" hostname="Tims-M5-MacBook-Pro.local">
        <testcase name="builds cache from tests and mtimes" classname="buildCache &amp;gt; Cache" time="0.000293" file="plugins/requirements-tracker/src/__tests__/cache.test.ts" line="163" assertions="4" />
        <testcase name="handles empty tests array" classname="buildCache &amp;gt; Cache" time="0.000171" file="plugins/requirements-tracker/src/__tests__/cache.test.ts" line="205" assertions="2" />
        <testcase name="sets generatedAt timestamp" classname="buildCache &amp;gt; Cache" time="0.000328" file="plugins/requirements-tracker/src/__tests__/cache.test.ts" line="215" assertions="2" />
      </testsuite>
      <testsuite name="getTestsWithCache" file="plugins/requirements-tracker/src/__tests__/cache.test.ts" line="229" tests="10" assertions="24" failures="0" skipped="0" time="0.024" hostname="Tims-M5-MacBook-Pro.local">
        <testcase name="extracts fresh when no cache exists" classname="getTestsWithCache &amp;gt; Cache" time="0.001686" file="plugins/requirements-tracker/src/__tests__/cache.test.ts" line="230" assertions="3" />
        <testcase name="uses cache when valid" classname="getTestsWithCache &amp;gt; Cache" time="0.00205" file="plugins/requirements-tracker/src/__tests__/cache.test.ts" line="252" assertions="3" />
        <testcase name="extracts fresh when cache invalid (file modified)" classname="getTestsWithCache &amp;gt; Cache" time="0.014135" file="plugins/requirements-tracker/src/__tests__/cache.test.ts" line="270" assertions="2" />
        <testcase name="extracts fresh when cache invalid (new file added)" classname="getTestsWithCache &amp;gt; Cache" time="0.002779" file="plugins/requirements-tracker/src/__tests__/cache.test.ts" line="290" assertions="2" />
        <testcase name="extracts fresh when noCache flag is true" classname="getTestsWithCache &amp;gt; Cache" time="0.001838" file="plugins/requirements-tracker/src/__tests__/cache.test.ts" line="308" assertions="2" />
        <testcase name="updates cache after extraction" classname="getTestsWithCache &amp;gt; Cache" time="0.00164" file="plugins/requirements-tracker/src/__tests__/cache.test.ts" line="323" assertions="3" />
        <testcase name="returns tests with empty body from cache" classname="getTestsWithCache &amp;gt; Cache" time="0.001429" file="plugins/requirements-tracker/src/__tests__/cache.test.ts" line="343" assertions="3" />
        <testcase name="handles multiple tests in single file" classname="getTestsWithCache &amp;gt; Cache" time="0.000982" file="plugins/requirements-tracker/src/__tests__/cache.test.ts" line="362" assertions="2" />
        <testcase name="handles test files in subdirectories" classname="getTestsWithCache &amp;gt; Cache" time="0.001293" file="plugins/requirements-tracker/src/__tests__/cache.test.ts" line="384" assertions="3" />
        <testcase name="preserves test order when using cache" classname="getTestsWithCache &amp;gt; Cache" time="0.001318" file="plugins/requirements-tracker/src/__tests__/cache.test.ts" line="404" assertions="1" />
      </testsuite>
    </testsuite>
  </testsuite>
  <testsuite name="plugins/requirements-tracker/src/__tests__/link.test.ts" file="plugins/requirements-tracker/src/__tests__/link.test.ts" tests="9" assertions="12" failures="0" skipped="0" time="0" hostname="Tims-M5-MacBook-Pro.local">
    <testsuite name="Link Command" file="plugins/requirements-tracker/src/__tests__/link.test.ts" line="15" tests="9" assertions="12" failures="0" skipped="0" time="0.012" hostname="Tims-M5-MacBook-Pro.local">
      <testcase name="links test to requirement successfully" classname="Link Command" time="0.002315" file="plugins/requirements-tracker/src/__tests__/link.test.ts" line="85" assertions="4" />
      <testcase name="computes and stores hash" classname="Link Command" time="0.002972" file="plugins/requirements-tracker/src/__tests__/link.test.ts" line="106" assertions="1" />
      <testcase name="clears aiAssessment when test linked" classname="Link Command" time="0.00259" file="plugins/requirements-tracker/src/__tests__/link.test.ts" line="124" assertions="1" />
      <testcase name="prevents duplicate links (idempotent)" classname="Link Command" time="0.002857" file="plugins/requirements-tracker/src/__tests__/link.test.ts" line="148" assertions="1" />
      <testcase name="errors when not initialized" classname="Link Command" time="0.000338" file="plugins/requirements-tracker/src/__tests__/link.test.ts" line="174" assertions="1" />
      <testcase name="errors on invalid path format" classname="Link Command" time="0.001027" file="plugins/requirements-tracker/src/__tests__/link.test.ts" line="188" assertions="1" />
      <testcase name="errors on requirement not found" classname="Link Command" time="0.001407" file="plugins/requirements-tracker/src/__tests__/link.test.ts" line="204" assertions="1" />
      <testcase name="errors on test not found in codebase" classname="Link Command" time="0.001353" file="plugins/requirements-tracker/src/__tests__/link.test.ts" line="220" assertions="1" />
      <testcase name="errors on invalid test spec format" classname="Link Command" time="0.001106" file="plugins/requirements-tracker/src/__tests__/link.test.ts" line="236" assertions="1" />
    </testsuite>
  </testsuite>
  <testsuite name="plugins/requirements-tracker/src/__tests__/status.test.ts" file="plugins/requirements-tracker/src/__tests__/status.test.ts" tests="9" assertions="9" failures="0" skipped="0" time="0" hostname="Tims-M5-MacBook-Pro.local">
    <testsuite name="Status Command" file="plugins/requirements-tracker/src/__tests__/status.test.ts" line="15" tests="9" assertions="9" failures="0" skipped="0" time="0.01" hostname="Tims-M5-MacBook-Pro.local">
      <testcase name="shows planned status" classname="Status Command" time="0.001631" file="plugins/requirements-tracker/src/__tests__/status.test.ts" line="57" assertions="1" />
      <testcase name="sets status to done" classname="Status Command" time="0.001298" file="plugins/requirements-tracker/src/__tests__/status.test.ts" line="63" assertions="1" />
      <testcase name="sets status back to planned" classname="Status Command" time="0.00142" file="plugins/requirements-tracker/src/__tests__/status.test.ts" line="75" assertions="1" />
      <testcase name="warns when marking done without tests" classname="Status Command" time="0.002422" file="plugins/requirements-tracker/src/__tests__/status.test.ts" line="91" assertions="1" />
      <testcase name="does not warn when marking done with tests" classname="Status Command" time="0.002851" file="plugins/requirements-tracker/src/__tests__/status.test.ts" line="97" assertions="1" />
      <testcase name="errors with both --done and --planned" classname="Status Command" time="0.001544" file="plugins/requirements-tracker/src/__tests__/status.test.ts" line="113" assertions="1" />
      <testcase name="errors on non-existent requirement" classname="Status Command" time="0.001307" file="plugins/requirements-tracker/src/__tests__/status.test.ts" line="123" assertions="1" />
      <testcase name="errors when not initialized" classname="Status Command" time="0.000232" file="plugins/requirements-tracker/src/__tests__/status.test.ts" line="133" assertions="1" />
      <testcase name="reports when already at desired status" classname="Status Command" time="0.001201" file="plugins/requirements-tracker/src/__tests__/status.test.ts" line="142" assertions="1" />
    </testsuite>
  </testsuite>
  <testsuite name="plugins/requirements-tracker/src/__tests__/result-parsers.test.ts" file="plugins/requirements-tracker/src/__tests__/result-parsers.test.ts" tests="32" assertions="70" failures="0" skipped="0" time="0" hostname="Tims-M5-MacBook-Pro.local">
    <testsuite name="JUnit XML Parser" file="plugins/requirements-tracker/src/__tests__/result-parsers.test.ts" line="12" tests="11" assertions="29" failures="0" skipped="0" time="0.001" hostname="Tims-M5-MacBook-Pro.local">
      <testcase name="detects JUnit XML format" classname="JUnit XML Parser" time="0" file="plugins/requirements-tracker/src/__tests__/result-parsers.test.ts" line="15" assertions="3" />
      <testcase name="does not detect JSON as XML" classname="JUnit XML Parser" time="0.000123" file="plugins/requirements-tracker/src/__tests__/result-parsers.test.ts" line="21" assertions="1" />
      <testcase name="parses test results" classname="JUnit XML Parser" time="0.001176" file="plugins/requirements-tracker/src/__tests__/result-parsers.test.ts" line="25" assertions="1" />
      <testcase name="extracts correct file paths" classname="JUnit XML Parser" time="0.000198" file="plugins/requirements-tracker/src/__tests__/result-parsers.test.ts" line="30" assertions="2" />
      <testcase name="extracts test identifiers" classname="JUnit XML Parser" time="0.000152" file="plugins/requirements-tracker/src/__tests__/result-parsers.test.ts" line="37" assertions="5" />
      <testcase name="determines correct status" classname="JUnit XML Parser" time="0.000077" file="plugins/requirements-tracker/src/__tests__/result-parsers.test.ts" line="47" assertions="3" />
      <testcase name="extracts failure messages" classname="JUnit XML Parser" time="0.000194" file="plugins/requirements-tracker/src/__tests__/result-parsers.test.ts" line="59" assertions="3" />
      <testcase name="extracts error messages" classname="JUnit XML Parser" time="0.000054" file="plugins/requirements-tracker/src/__tests__/result-parsers.test.ts" line="69" assertions="3" />
      <testcase name="calculates summary correctly" classname="JUnit XML Parser" time="0.000067" file="plugins/requirements-tracker/src/__tests__/result-parsers.test.ts" line="79" assertions="4" />
      <testcase name="handles skipped tests" classname="JUnit XML Parser" time="0.000089" file="plugins/requirements-tracker/src/__tests__/result-parsers.test.ts" line="87" assertions="2" />
      <testcase name="handles self-closing testcase elements" classname="JUnit XML Parser" time="0.000028" file="plugins/requirements-tracker/src/__tests__/result-parsers.test.ts" line="102" assertions="2" />
    </testsuite>
    <testsuite name="Bun JSON Parser (Jest format)" file="plugins/requirements-tracker/src/__tests__/result-parsers.test.ts" line="116" tests="8" assertions="16" failures="0" skipped="0" time="0" hostname="Tims-M5-MacBook-Pro.local">
      <testcase name="detects JSON format" classname="Bun JSON Parser (Jest format)" time="0.000034" file="plugins/requirements-tracker/src/__tests__/result-parsers.test.ts" line="119" assertions="2" />
      <testcase name="does not detect XML as JSON" classname="Bun JSON Parser (Jest format)" time="0.000013" file="plugins/requirements-tracker/src/__tests__/result-parsers.test.ts" line="124" assertions="1" />
      <testcase name="parses test results" classname="Bun JSON Parser (Jest format)" time="0.000059" file="plugins/requirements-tracker/src/__tests__/result-parsers.test.ts" line="128" assertions="1" />
      <testcase name="extracts correct file paths" classname="Bun JSON Parser (Jest format)" time="0.00003" file="plugins/requirements-tracker/src/__tests__/result-parsers.test.ts" line="133" assertions="2" />
      <testcase name="extracts test identifiers" classname="Bun JSON Parser (Jest format)" time="0.000027" file="plugins/requirements-tracker/src/__tests__/result-parsers.test.ts" line="140" assertions="2" />
      <testcase name="determines correct status" classname="Bun JSON Parser (Jest format)" time="0.00001" file="plugins/requirements-tracker/src/__tests__/result-parsers.test.ts" line="147" assertions="2" />
      <testcase name="extracts failure messages" classname="Bun JSON Parser (Jest format)" time="0.000024" file="plugins/requirements-tracker/src/__tests__/result-parsers.test.ts" line="157" assertions="2" />
      <testcase name="calculates summary correctly" classname="Bun JSON Parser (Jest format)" time="0.000023" file="plugins/requirements-tracker/src/__tests__/result-parsers.test.ts" line="166" assertions="4" />
    </testsuite>
    <testsuite name="Bun JSON Parser (simple format)" file="plugins/requirements-tracker/src/__tests__/result-parsers.test.ts" line="175" tests="4" assertions="10" failures="0" skipped="0" time="0" hostname="Tims-M5-MacBook-Pro.local">
      <testcase name="parses simple format" classname="Bun JSON Parser (simple format)" time="0.000031" file="plugins/requirements-tracker/src/__tests__/result-parsers.test.ts" line="178" assertions="1" />
      <testcase name="normalizes status values" classname="Bun JSON Parser (simple format)" time="0.000025" file="plugins/requirements-tracker/src/__tests__/result-parsers.test.ts" line="183" assertions="3" />
      <testcase name="extracts error messages" classname="Bun JSON Parser (simple format)" time="0.000008" file="plugins/requirements-tracker/src/__tests__/result-parsers.test.ts" line="191" assertions="2" />
      <testcase name="calculates summary with skipped tests" classname="Bun JSON Parser (simple format)" time="0.000014" file="plugins/requirements-tracker/src/__tests__/result-parsers.test.ts" line="200" assertions="4" />
    </testsuite>
    <testsuite name="Format Detection" file="plugins/requirements-tracker/src/__tests__/result-parsers.test.ts" line="209" tests="3" assertions="7" failures="0" skipped="0" time="0" hostname="Tims-M5-MacBook-Pro.local">
      <testcase name="detects JUnit XML" classname="Format Detection" time="0.000013" file="plugins/requirements-tracker/src/__tests__/result-parsers.test.ts" line="210" assertions="3" />
      <testcase name="detects JSON" classname="Format Detection" time="0.000019" file="plugins/requirements-tracker/src/__tests__/result-parsers.test.ts" line="216" assertions="2" />
      <testcase name="returns null for unknown formats" classname="Format Detection" time="0.000012" file="plugins/requirements-tracker/src/__tests__/result-parsers.test.ts" line="221" assertions="2" />
    </testsuite>
    <testsuite name="parseResults" file="plugins/requirements-tracker/src/__tests__/result-parsers.test.ts" line="227" tests="6" assertions="8" failures="0" skipped="0" time="0" hostname="Tims-M5-MacBook-Pro.local">
      <testcase name="auto-detects and parses JUnit XML" classname="parseResults" time="0.00005" file="plugins/requirements-tracker/src/__tests__/result-parsers.test.ts" line="231" assertions="2" />
      <testcase name="auto-detects and parses JSON" classname="parseResults" time="0.000049" file="plugins/requirements-tracker/src/__tests__/result-parsers.test.ts" line="237" assertions="2" />
      <testcase name="uses explicit format when provided" classname="parseResults" time="0.000012" file="plugins/requirements-tracker/src/__tests__/result-parsers.test.ts" line="243" assertions="1" />
      <testcase name="throws on unknown format" classname="parseResults" time="0.00001" file="plugins/requirements-tracker/src/__tests__/result-parsers.test.ts" line="248" assertions="1" />
      <testcase name="throws on invalid JSON" classname="parseResults" time="0.000022" file="plugins/requirements-tracker/src/__tests__/result-parsers.test.ts" line="252" assertions="1" />
      <testcase name="throws on JSON with wrong structure" classname="parseResults" time="0.000019" file="plugins/requirements-tracker/src/__tests__/result-parsers.test.ts" line="256" assertions="1" />
    </testsuite>
  </testsuite>
  <testsuite name="plugins/requirements-tracker/src/__tests__/test-parser.test.ts" file="plugins/requirements-tracker/src/__tests__/test-parser.test.ts" tests="15" assertions="24" failures="0" skipped="0" time="0" hostname="Tims-M5-MacBook-Pro.local">
    <testsuite name="Test Parser" file="plugins/requirements-tracker/src/__tests__/test-parser.test.ts" line="13" tests="15" assertions="24" failures="0" skipped="0" time="0" hostname="Tims-M5-MacBook-Pro.local">
      <testsuite name="computeHash" file="plugins/requirements-tracker/src/__tests__/test-parser.test.ts" line="24" tests="2" assertions="3" failures="0" skipped="0" time="0" hostname="Tims-M5-MacBook-Pro.local">
        <testcase name="produces consistent SHA-256 hash" classname="computeHash &amp;gt; Test Parser" time="0.000497" file="plugins/requirements-tracker/src/__tests__/test-parser.test.ts" line="25" assertions="2" />
        <testcase name="produces different hashes for different content" classname="computeHash &amp;gt; Test Parser" time="0.000399" file="plugins/requirements-tracker/src/__tests__/test-parser.test.ts" line="32" assertions="1" />
      </testsuite>
      <testsuite name="extractFunctionBody" file="plugins/requirements-tracker/src/__tests__/test-parser.test.ts" line="39" tests="3" assertions="4" failures="0" skipped="0" time="0" hostname="Tims-M5-MacBook-Pro.local">
        <testcase name="extracts simple function body" classname="extractFunctionBody &amp;gt; Test Parser" time="0.000209" file="plugins/requirements-tracker/src/__tests__/test-parser.test.ts" line="40" assertions="1" />
        <testcase name="handles nested braces" classname="extractFunctionBody &amp;gt; Test Parser" time="0.000124" file="plugins/requirements-tracker/src/__tests__/test-parser.test.ts" line="46" assertions="1" />
        <testcase name="handles string literals with braces" classname="extractFunctionBody &amp;gt; Test Parser" time="0.00029" file="plugins/requirements-tracker/src/__tests__/test-parser.test.ts" line="52" assertions="2" />
      </testsuite>
      <testsuite name="extractTestsFromFile" file="plugins/requirements-tracker/src/__tests__/test-parser.test.ts" line="60" tests="5" assertions="10" failures="0" skipped="0" time="0" hostname="Tims-M5-MacBook-Pro.local">
        <testcase name="extracts it() style tests" classname="extractTestsFromFile &amp;gt; Test Parser" time="0.000469" file="plugins/requirements-tracker/src/__tests__/test-parser.test.ts" line="61" assertions="3" />
        <testcase name="extracts test() style tests" classname="extractTestsFromFile &amp;gt; Test Parser" time="0.000335" file="plugins/requirements-tracker/src/__tests__/test-parser.test.ts" line="82" assertions="2" />
        <testcase name="extracts Bun.test() style tests" classname="extractTestsFromFile &amp;gt; Test Parser" time="0.000321" file="plugins/requirements-tracker/src/__tests__/test-parser.test.ts" line="98" assertions="2" />
        <testcase name="computes hash for each test" classname="extractTestsFromFile &amp;gt; Test Parser" time="0.000478" file="plugins/requirements-tracker/src/__tests__/test-parser.test.ts" line="114" assertions="2" />
        <testcase name="uses relative file path" classname="extractTestsFromFile &amp;gt; Test Parser" time="0.000305" file="plugins/requirements-tracker/src/__tests__/test-parser.test.ts" line="129" assertions="1" />
      </testsuite>
      <testsuite name="extractAllTests" file="plugins/requirements-tracker/src/__tests__/test-parser.test.ts" line="138" tests="2" assertions="3" failures="0" skipped="0" time="0.002" hostname="Tims-M5-MacBook-Pro.local">
        <testcase name="finds tests across multiple files" classname="extractAllTests &amp;gt; Test Parser" time="0.00106" file="plugins/requirements-tracker/src/__tests__/test-parser.test.ts" line="139" assertions="1" />
        <testcase name="ignores node_modules" classname="extractAllTests &amp;gt; Test Parser" time="0.001035" file="plugins/requirements-tracker/src/__tests__/test-parser.test.ts" line="148" assertions="2" />
      </testsuite>
      <testsuite name="findTest" file="plugins/requirements-tracker/src/__tests__/test-parser.test.ts" line="162" tests="3" assertions="4" failures="0" skipped="0" time="0" hostname="Tims-M5-MacBook-Pro.local">
        <testcase name="finds specific test by file and identifier" classname="findTest &amp;gt; Test Parser" time="0.000299" file="plugins/requirements-tracker/src/__tests__/test-parser.test.ts" line="163" assertions="2" />
        <testcase name="returns null for non-existent test" classname="findTest &amp;gt; Test Parser" time="0.000286" file="plugins/requirements-tracker/src/__tests__/test-parser.test.ts" line="177" assertions="1" />
        <testcase name="returns null for non-existent file" classname="findTest &amp;gt; Test Parser" time="0.000166" file="plugins/requirements-tracker/src/__tests__/test-parser.test.ts" line="184" assertions="1" />
      </testsuite>
    </testsuite>
  </testsuite>
  <testsuite name="plugins/requirements-tracker/src/__tests__/unlink.test.ts" file="plugins/requirements-tracker/src/__tests__/unlink.test.ts" tests="7" assertions="8" failures="0" skipped="0" time="0" hostname="Tims-M5-MacBook-Pro.local">
    <testsuite name="Unlink Command" file="plugins/requirements-tracker/src/__tests__/unlink.test.ts" line="15" tests="7" assertions="8" failures="0" skipped="0" time="0.007" hostname="Tims-M5-MacBook-Pro.local">
      <testcase name="removes test link from requirement" classname="Unlink Command" time="0.001763" file="plugins/requirements-tracker/src/__tests__/unlink.test.ts" line="62" assertions="2" />
      <testcase name="clears aiAssessment when test unlinked" classname="Unlink Command" time="0.002677" file="plugins/requirements-tracker/src/__tests__/unlink.test.ts" line="81" assertions="1" />
      <testcase name="errors on requirement not found" classname="Unlink Command" time="0.002846" file="plugins/requirements-tracker/src/__tests__/unlink.test.ts" line="105" assertions="1" />
      <testcase name="errors on test not linked" classname="Unlink Command" time="0.001304" file="plugins/requirements-tracker/src/__tests__/unlink.test.ts" line="121" assertions="1" />
      <testcase name="errors on invalid test spec format" classname="Unlink Command" time="0.00098" file="plugins/requirements-tracker/src/__tests__/unlink.test.ts" line="137" assertions="1" />
      <testcase name="errors when not initialized" classname="Unlink Command" time="0.000388" file="plugins/requirements-tracker/src/__tests__/unlink.test.ts" line="153" assertions="1" />
      <testcase name="removes last test link successfully" classname="Unlink Command" time="0.001575" file="plugins/requirements-tracker/src/__tests__/unlink.test.ts" line="167" assertions="1" />
    </testsuite>
  </testsuite>
  <testsuite name="plugins/requirements-tracker/src/__tests__/junit-parser.test.ts" file="plugins/requirements-tracker/src/__tests__/junit-parser.test.ts" tests="15" assertions="35" failures="0" skipped="0" time="0" hostname="Tims-M5-MacBook-Pro.local">
    <testsuite name="JUnit XML Parser" file="plugins/requirements-tracker/src/__tests__/junit-parser.test.ts" line="8" tests="15" assertions="35" failures="0" skipped="0" time="0" hostname="Tims-M5-MacBook-Pro.local">
      <testsuite name="canParse" file="plugins/requirements-tracker/src/__tests__/junit-parser.test.ts" line="9" tests="5" assertions="8" failures="0" skipped="0" time="0" hostname="Tims-M5-MacBook-Pro.local">
        <testcase name="returns true for XML with declaration" classname="canParse &amp;gt; JUnit XML Parser" time="0" file="plugins/requirements-tracker/src/__tests__/junit-parser.test.ts" line="10" assertions="1" />
        <testcase name="returns true for testsuites element" classname="canParse &amp;gt; JUnit XML Parser" time="0.000087" file="plugins/requirements-tracker/src/__tests__/junit-parser.test.ts" line="16" assertions="1" />
        <testcase name="returns true for testsuite element" classname="canParse &amp;gt; JUnit XML Parser" time="0" file="plugins/requirements-tracker/src/__tests__/junit-parser.test.ts" line="20" assertions="1" />
        <testcase name="returns false for non-XML content" classname="canParse &amp;gt; JUnit XML Parser" time="0.000007" file="plugins/requirements-tracker/src/__tests__/junit-parser.test.ts" line="24" assertions="3" />
        <testcase name="handles whitespace" classname="canParse &amp;gt; JUnit XML Parser" time="0.000008" file="plugins/requirements-tracker/src/__tests__/junit-parser.test.ts" line="30" assertions="2" />
      </testsuite>
      <testsuite name="parse" file="plugins/requirements-tracker/src/__tests__/junit-parser.test.ts" line="36" tests="10" assertions="27" failures="0" skipped="0" time="0" hostname="Tims-M5-MacBook-Pro.local">
        <testcase name="parses simple passing test" classname="parse &amp;gt; JUnit XML Parser" time="0.000057" file="plugins/requirements-tracker/src/__tests__/junit-parser.test.ts" line="37" assertions="3" />
        <testcase name="parses failing test" classname="parse &amp;gt; JUnit XML Parser" time="0.000141" file="plugins/requirements-tracker/src/__tests__/junit-parser.test.ts" line="63" assertions="5" />
        <testcase name="parses error test" classname="parse &amp;gt; JUnit XML Parser" time="0.000056" file="plugins/requirements-tracker/src/__tests__/junit-parser.test.ts" line="82" assertions="3" />
        <testcase name="parses skipped test" classname="parse &amp;gt; JUnit XML Parser" time="0.000035" file="plugins/requirements-tracker/src/__tests__/junit-parser.test.ts" line="98" assertions="2" />
        <testcase name="parses multiple test cases" classname="parse &amp;gt; JUnit XML Parser" time="0.000041" file="plugins/requirements-tracker/src/__tests__/junit-parser.test.ts" line="113" assertions="2" />
        <testcase name="handles XML entities in messages" classname="parse &amp;gt; JUnit XML Parser" time="0.000022" file="plugins/requirements-tracker/src/__tests__/junit-parser.test.ts" line="137" assertions="2" />
        <testcase name="handles self-closing testcase tags" classname="parse &amp;gt; JUnit XML Parser" time="0.00002" file="plugins/requirements-tracker/src/__tests__/junit-parser.test.ts" line="152" assertions="2" />
        <testcase name="handles Bun-style output" classname="parse &amp;gt; JUnit XML Parser" time="0.000054" file="plugins/requirements-tracker/src/__tests__/junit-parser.test.ts" line="165" assertions="5" />
        <testcase name="converts dot-separated classname to file path" classname="parse &amp;gt; JUnit XML Parser" time="0.000024" file="plugins/requirements-tracker/src/__tests__/junit-parser.test.ts" line="184" assertions="1" />
        <testcase name="handles empty testsuites" classname="parse &amp;gt; JUnit XML Parser" time="0.000017" file="plugins/requirements-tracker/src/__tests__/junit-parser.test.ts" line="198" assertions="2" />
      </testsuite>
    </testsuite>
  </testsuite>
  <testsuite name="plugins/requirements-tracker/src/__tests__/assess.test.ts" file="plugins/requirements-tracker/src/__tests__/assess.test.ts" tests="8" assertions="5" failures="3" skipped="0" time="0" hostname="Tims-M5-MacBook-Pro.local">
    <testsuite name="Assess Command" file="plugins/requirements-tracker/src/__tests__/assess.test.ts" line="15" tests="8" assertions="5" failures="3" skipped="0" time="0.003" hostname="Tims-M5-MacBook-Pro.local">
      <testcase name="stores assessment with sufficient: true" classname="Assess Command" time="0.001927" file="plugins/requirements-tracker/src/__tests__/assess.test.ts" line="69" assertions="0">
        <failure type="AssertionError" />
      </testcase>
      <testcase name="stores assessment with sufficient: false" classname="Assess Command" time="0.001578" file="plugins/requirements-tracker/src/__tests__/assess.test.ts" line="90" assertions="0">
        <failure type="AssertionError" />
      </testcase>
      <testcase name="sets assessedAt timestamp" classname="Assess Command" time="0.001215" file="plugins/requirements-tracker/src/__tests__/assess.test.ts" line="109" assertions="0">
        <failure type="AssertionError" />
      </testcase>
      <testcase name="errors on invalid JSON" classname="Assess Command" time="0.00096" file="plugins/requirements-tracker/src/__tests__/assess.test.ts" line="131" assertions="1" />
      <testcase name="errors on missing sufficient field" classname="Assess Command" time="0.000769" file="plugins/requirements-tracker/src/__tests__/assess.test.ts" line="147" assertions="1" />
      <testcase name="errors on missing notes field" classname="Assess Command" time="0.000916" file="plugins/requirements-tracker/src/__tests__/assess.test.ts" line="163" assertions="1" />
      <testcase name="errors on requirement not found" classname="Assess Command" time="0.000857" file="plugins/requirements-tracker/src/__tests__/assess.test.ts" line="179" assertions="1" />
      <testcase name="errors when not initialized" classname="Assess Command" time="0.000181" file="plugins/requirements-tracker/src/__tests__/assess.test.ts" line="195" assertions="1" />
    </testsuite>
  </testsuite>
  <testsuite name="plugins/requirements-tracker/src/__tests__/import-results.test.ts" file="plugins/requirements-tracker/src/__tests__/import-results.test.ts" tests="7" assertions="21" failures="0" skipped="0" time="0" hostname="Tims-M5-MacBook-Pro.local">
    <testsuite name="Import Results Command" file="plugins/requirements-tracker/src/__tests__/import-results.test.ts" line="16" tests="7" assertions="21" failures="0" skipped="0" time="0.106" hostname="Tims-M5-MacBook-Pro.local">
      <testcase name="imports JUnit XML results" classname="Import Results Command" time="0.001943" file="plugins/requirements-tracker/src/__tests__/import-results.test.ts" line="50" assertions="5" />
      <testcase name="rejects non-XML files" classname="Import Results Command" time="0.000788" file="plugins/requirements-tracker/src/__tests__/import-results.test.ts" line="70" assertions="3" />
      <testcase name="errors on missing file" classname="Import Results Command" time="0.000663" file="plugins/requirements-tracker/src/__tests__/import-results.test.ts" line="85" assertions="3" />
      <testcase name="errors when not initialized" classname="Import Results Command" time="0.000699" file="plugins/requirements-tracker/src/__tests__/import-results.test.ts" line="99" assertions="3" />
      <testcase name="overwrites previous results" classname="Import Results Command" time="0.103684" file="plugins/requirements-tracker/src/__tests__/import-results.test.ts" line="114" assertions="2" />
      <testcase name="prints summary on success" classname="Import Results Command" time="0.001386" file="plugins/requirements-tracker/src/__tests__/import-results.test.ts" line="148" assertions="3" />
      <testcase name="copies file to .requirements/test-results.xml" classname="Import Results Command" time="0.001019" file="plugins/requirements-tracker/src/__tests__/import-results.test.ts" line="166" assertions="2" />
    </testsuite>
  </testsuite>
  <testsuite name="plugins/docs-skill/src/__tests__/store.test.ts" file="plugins/docs-skill/src/__tests__/store.test.ts" tests="20" assertions="29" failures="0" skipped="0" time="0" hostname="Tims-M5-MacBook-Pro.local">
    <testsuite name="store" file="plugins/docs-skill/src/__tests__/store.test.ts" line="19" tests="20" assertions="29" failures="0" skipped="0" time="0" hostname="Tims-M5-MacBook-Pro.local">
      <testsuite name="getDocsDir" file="plugins/docs-skill/src/__tests__/store.test.ts" line="30" tests="1" assertions="1" failures="0" skipped="0" time="0" hostname="Tims-M5-MacBook-Pro.local">
        <testcase name="returns path to .docs directory" classname="getDocsDir &amp;gt; store" time="0.000348" file="plugins/docs-skill/src/__tests__/store.test.ts" line="31" assertions="1" />
      </testsuite>
      <testsuite name="getConfigPath" file="plugins/docs-skill/src/__tests__/store.test.ts" line="37" tests="1" assertions="1" failures="0" skipped="0" time="0" hostname="Tims-M5-MacBook-Pro.local">
        <testcase name="returns path to config.yml" classname="getConfigPath &amp;gt; store" time="0.000202" file="plugins/docs-skill/src/__tests__/store.test.ts" line="38" assertions="1" />
      </testsuite>
      <testsuite name="docsDirExists" file="plugins/docs-skill/src/__tests__/store.test.ts" line="44" tests="2" assertions="2" failures="0" skipped="0" time="0" hostname="Tims-M5-MacBook-Pro.local">
        <testcase name="returns false when .docs does not exist" classname="docsDirExists &amp;gt; store" time="0.000465" file="plugins/docs-skill/src/__tests__/store.test.ts" line="45" assertions="1" />
        <testcase name="returns true when .docs exists" classname="docsDirExists &amp;gt; store" time="0.000235" file="plugins/docs-skill/src/__tests__/store.test.ts" line="50" assertions="1" />
      </testsuite>
      <testsuite name="createDocsDir" file="plugins/docs-skill/src/__tests__/store.test.ts" line="57" tests="2" assertions="2" failures="0" skipped="0" time="0" hostname="Tims-M5-MacBook-Pro.local">
        <testcase name="creates .docs directory" classname="createDocsDir &amp;gt; store" time="0.000433" file="plugins/docs-skill/src/__tests__/store.test.ts" line="58" assertions="1" />
        <testcase name="does not error if directory already exists" classname="createDocsDir &amp;gt; store" time="0.000304" file="plugins/docs-skill/src/__tests__/store.test.ts" line="64" assertions="1" />
      </testsuite>
      <testsuite name="createDefaultConfig" file="plugins/docs-skill/src/__tests__/store.test.ts" line="72" tests="3" assertions="3" failures="0" skipped="0" time="0" hostname="Tims-M5-MacBook-Pro.local">
        <testcase name="returns config with version 1" classname="createDefaultConfig &amp;gt; store" time="0.000144" file="plugins/docs-skill/src/__tests__/store.test.ts" line="73" assertions="1" />
        <testcase name="returns config with empty topics array" classname="createDefaultConfig &amp;gt; store" time="0.000106" file="plugins/docs-skill/src/__tests__/store.test.ts" line="78" assertions="1" />
        <testcase name="does not include lastSync by default" classname="createDefaultConfig &amp;gt; store" time="0.000109" file="plugins/docs-skill/src/__tests__/store.test.ts" line="83" assertions="1" />
      </testsuite>
      <testsuite name="saveConfig and loadConfig" file="plugins/docs-skill/src/__tests__/store.test.ts" line="89" tests="5" assertions="8" failures="0" skipped="0" time="0.002" hostname="Tims-M5-MacBook-Pro.local">
        <testcase name="saves and loads config" classname="saveConfig and loadConfig &amp;gt; store" time="0.002387" file="plugins/docs-skill/src/__tests__/store.test.ts" line="90" assertions="4" />
        <testcase name="creates .docs directory when saving" classname="saveConfig and loadConfig &amp;gt; store" time="0.000572" file="plugins/docs-skill/src/__tests__/store.test.ts" line="106" assertions="1" />
        <testcase name="returns null when config does not exist" classname="saveConfig and loadConfig &amp;gt; store" time="0.000168" file="plugins/docs-skill/src/__tests__/store.test.ts" line="114" assertions="1" />
        <testcase name="ensures topics is an array when loading" classname="saveConfig and loadConfig &amp;gt; store" time="0.000758" file="plugins/docs-skill/src/__tests__/store.test.ts" line="119" assertions="1" />
        <testcase name="returns null on unsupported config version" classname="saveConfig and loadConfig &amp;gt; store" time="0.000566" file="plugins/docs-skill/src/__tests__/store.test.ts" line="132" assertions="1" />
      </testsuite>
      <testsuite name="writeDocToUserDir" file="plugins/docs-skill/src/__tests__/store.test.ts" line="145" tests="2" assertions="5" failures="0" skipped="0" time="0" hostname="Tims-M5-MacBook-Pro.local">
        <testcase name="writes doc file with frontmatter" classname="writeDocToUserDir &amp;gt; store" time="0.000953" file="plugins/docs-skill/src/__tests__/store.test.ts" line="146" assertions="4" />
        <testcase name="creates nested directories" classname="writeDocToUserDir &amp;gt; store" time="0.000711" file="plugins/docs-skill/src/__tests__/store.test.ts" line="168" assertions="1" />
      </testsuite>
      <testsuite name="loadUserDocs" file="plugins/docs-skill/src/__tests__/store.test.ts" line="188" tests="4" assertions="7" failures="0" skipped="0" time="0.006" hostname="Tims-M5-MacBook-Pro.local">
        <testcase name="returns empty array when no docs exist" classname="loadUserDocs &amp;gt; store" time="0.001807" file="plugins/docs-skill/src/__tests__/store.test.ts" line="189" assertions="1" />
        <testcase name="loads docs from .docs directory" classname="loadUserDocs &amp;gt; store" time="0.001779" file="plugins/docs-skill/src/__tests__/store.test.ts" line="195" assertions="3" />
        <testcase name="loads multiple docs from nested directories" classname="loadUserDocs &amp;gt; store" time="0.002933" file="plugins/docs-skill/src/__tests__/store.test.ts" line="215" assertions="1" />
        <testcase name="skips invalid markdown files" classname="loadUserDocs &amp;gt; store" time="0.002224" file="plugins/docs-skill/src/__tests__/store.test.ts" line="246" assertions="2" />
      </testsuite>
    </testsuite>
  </testsuite>
  <testsuite name="plugins/docs-skill/src/__tests__/repo-store.test.ts" file="plugins/docs-skill/src/__tests__/repo-store.test.ts" tests="24" assertions="32" failures="0" skipped="0" time="0" hostname="Tims-M5-MacBook-Pro.local">
    <testsuite name="repo-store" file="plugins/docs-skill/src/__tests__/repo-store.test.ts" line="17" tests="24" assertions="32" failures="0" skipped="0" time="0" hostname="Tims-M5-MacBook-Pro.local">
      <testsuite name="getGlobalConfigDir" file="plugins/docs-skill/src/__tests__/repo-store.test.ts" line="18" tests="1" assertions="1" failures="0" skipped="0" time="0" hostname="Tims-M5-MacBook-Pro.local">
        <testcase name="returns path in home directory" classname="getGlobalConfigDir &amp;gt; repo-store" time="0.000279" file="plugins/docs-skill/src/__tests__/repo-store.test.ts" line="19" assertions="1" />
      </testsuite>
      <testsuite name="getRepositoriesPath" file="plugins/docs-skill/src/__tests__/repo-store.test.ts" line="25" tests="1" assertions="1" failures="0" skipped="0" time="0" hostname="Tims-M5-MacBook-Pro.local">
        <testcase name="returns path to repositories.yml" classname="getRepositoriesPath &amp;gt; repo-store" time="0.000005" file="plugins/docs-skill/src/__tests__/repo-store.test.ts" line="26" assertions="1" />
      </testsuite>
      <testsuite name="createDefaultRepositoriesFile" file="plugins/docs-skill/src/__tests__/repo-store.test.ts" line="32" tests="2" assertions="2" failures="0" skipped="0" time="0" hostname="Tims-M5-MacBook-Pro.local">
        <testcase name="returns version 1" classname="createDefaultRepositoriesFile &amp;gt; repo-store" time="0.000018" file="plugins/docs-skill/src/__tests__/repo-store.test.ts" line="33" assertions="1" />
        <testcase name="returns empty repositories array" classname="createDefaultRepositoriesFile &amp;gt; repo-store" time="0.000013" file="plugins/docs-skill/src/__tests__/repo-store.test.ts" line="38" assertions="1" />
      </testsuite>
      <testsuite name="normalizeRepoPath" file="plugins/docs-skill/src/__tests__/repo-store.test.ts" line="44" tests="6" assertions="6" failures="0" skipped="0" time="0" hostname="Tims-M5-MacBook-Pro.local">
        <testcase name="normalizes GitHub HTTPS URL" classname="normalizeRepoPath &amp;gt; repo-store" time="0.000059" file="plugins/docs-skill/src/__tests__/repo-store.test.ts" line="45" assertions="1" />
        <testcase name="normalizes GitHub SSH URL" classname="normalizeRepoPath &amp;gt; repo-store" time="0.000019" file="plugins/docs-skill/src/__tests__/repo-store.test.ts" line="50" assertions="1" />
        <testcase name="normalizes GitHub URL with .git suffix" classname="normalizeRepoPath &amp;gt; repo-store" time="0.000009" file="plugins/docs-skill/src/__tests__/repo-store.test.ts" line="55" assertions="1" />
        <testcase name="resolves relative paths to absolute" classname="normalizeRepoPath &amp;gt; repo-store" time="0.000004" file="plugins/docs-skill/src/__tests__/repo-store.test.ts" line="60" assertions="1" />
        <testcase name="normalizes absolute paths" classname="normalizeRepoPath &amp;gt; repo-store" time="0.000009" file="plugins/docs-skill/src/__tests__/repo-store.test.ts" line="65" assertions="1" />
        <testcase name="handles paths with trailing slashes" classname="normalizeRepoPath &amp;gt; repo-store" time="0.000003" file="plugins/docs-skill/src/__tests__/repo-store.test.ts" line="70" assertions="1" />
      </testsuite>
      <testsuite name="getRepoType" file="plugins/docs-skill/src/__tests__/repo-store.test.ts" line="77" tests="5" assertions="5" failures="0" skipped="0" time="0" hostname="Tims-M5-MacBook-Pro.local">
        <testcase name="returns github for GitHub HTTPS URLs" classname="getRepoType &amp;gt; repo-store" time="0.00001" file="plugins/docs-skill/src/__tests__/repo-store.test.ts" line="78" assertions="1" />
        <testcase name="returns github for GitHub SSH URLs" classname="getRepoType &amp;gt; repo-store" time="0.00001" file="plugins/docs-skill/src/__tests__/repo-store.test.ts" line="82" assertions="1" />
        <testcase name="returns github for normalized github: IDs" classname="getRepoType &amp;gt; repo-store" time="0.000005" file="plugins/docs-skill/src/__tests__/repo-store.test.ts" line="86" assertions="1" />
        <testcase name="returns local for absolute filesystem paths" classname="getRepoType &amp;gt; repo-store" time="0.000006" file="plugins/docs-skill/src/__tests__/repo-store.test.ts" line="90" assertions="1" />
        <testcase name="returns local for relative filesystem paths" classname="getRepoType &amp;gt; repo-store" time="0.000003" file="plugins/docs-skill/src/__tests__/repo-store.test.ts" line="94" assertions="1" />
      </testsuite>
      <testsuite name="getRepoDocsDir" file="plugins/docs-skill/src/__tests__/repo-store.test.ts" line="99" tests="3" assertions="5" failures="0" skipped="0" time="0" hostname="Tims-M5-MacBook-Pro.local">
        <testcase name="returns docs/ subdirectory for local repo by default" classname="getRepoDocsDir &amp;gt; repo-store" time="0.000009" file="plugins/docs-skill/src/__tests__/repo-store.test.ts" line="100" assertions="1" />
        <testcase name="uses custom docsPath if provided" classname="getRepoDocsDir &amp;gt; repo-store" time="0.000038" file="plugins/docs-skill/src/__tests__/repo-store.test.ts" line="112" assertions="1" />
        <testcase name="returns cached path for github repos" classname="getRepoDocsDir &amp;gt; repo-store" time="0.000031" file="plugins/docs-skill/src/__tests__/repo-store.test.ts" line="125" assertions="3" />
      </testsuite>
      <testsuite name="loadDocsFromRepo" file="plugins/docs-skill/src/__tests__/repo-store.test.ts" line="140" tests="6" assertions="12" failures="0" skipped="0" time="0.003" hostname="Tims-M5-MacBook-Pro.local">
        <testcase name="loads docs from local repository" classname="loadDocsFromRepo &amp;gt; repo-store" time="0.001422" file="plugins/docs-skill/src/__tests__/repo-store.test.ts" line="168" assertions="3" />
        <testcase name="respects custom docsPath" classname="loadDocsFromRepo &amp;gt; repo-store" time="0.001532" file="plugins/docs-skill/src/__tests__/repo-store.test.ts" line="182" assertions="2" />
        <testcase name="loads multiple docs from subdirectories" classname="loadDocsFromRepo &amp;gt; repo-store" time="0.001378" file="plugins/docs-skill/src/__tests__/repo-store.test.ts" line="210" assertions="3" />
        <testcase name="skips files with invalid frontmatter" classname="loadDocsFromRepo &amp;gt; repo-store" time="0.000957" file="plugins/docs-skill/src/__tests__/repo-store.test.ts" line="241" assertions="2" />
        <testcase name="returns empty array for github repos (not yet implemented)" classname="loadDocsFromRepo &amp;gt; repo-store" time="0.000385" file="plugins/docs-skill/src/__tests__/repo-store.test.ts" line="258" assertions="1" />
        <testcase name="returns empty array if docs directory does not exist" classname="loadDocsFromRepo &amp;gt; repo-store" time="0.000954" file="plugins/docs-skill/src/__tests__/repo-store.test.ts" line="270" assertions="1" />
      </testsuite>
    </testsuite>
  </testsuite>
  <testsuite name="plugins/docs-skill/src/__tests__/frontmatter.test.ts" file="plugins/docs-skill/src/__tests__/frontmatter.test.ts" tests="29" assertions="61" failures="0" skipped="0" time="0" hostname="Tims-M5-MacBook-Pro.local">
    <testsuite name="parseFrontmatter" file="plugins/docs-skill/src/__tests__/frontmatter.test.ts" line="10" tests="12" assertions="33" failures="0" skipped="0" time="0" hostname="Tims-M5-MacBook-Pro.local">
      <testcase name="parses valid frontmatter with required fields" classname="parseFrontmatter" time="0.00014" file="plugins/docs-skill/src/__tests__/frontmatter.test.ts" line="11" assertions="5" />
      <testcase name="parses frontmatter with all optional fields" classname="parseFrontmatter" time="0.000445" file="plugins/docs-skill/src/__tests__/frontmatter.test.ts" line="30" assertions="7" />
      <testcase name="fails when frontmatter delimiter is missing at start" classname="parseFrontmatter" time="0" file="plugins/docs-skill/src/__tests__/frontmatter.test.ts" line="58" assertions="2" />
      <testcase name="fails when closing delimiter is missing" classname="parseFrontmatter" time="0" file="plugins/docs-skill/src/__tests__/frontmatter.test.ts" line="73" assertions="2" />
      <testcase name="fails when topic is missing" classname="parseFrontmatter" time="0.000087" file="plugins/docs-skill/src/__tests__/frontmatter.test.ts" line="88" assertions="2" />
      <testcase name="fails when title is missing" classname="parseFrontmatter" time="0.00002" file="plugins/docs-skill/src/__tests__/frontmatter.test.ts" line="103" assertions="2" />
      <testcase name="fails on invalid topic format" classname="parseFrontmatter" time="0.000038" file="plugins/docs-skill/src/__tests__/frontmatter.test.ts" line="118" assertions="2" />
      <testcase name="fails on invalid YAML" classname="parseFrontmatter" time="0.000384" file="plugins/docs-skill/src/__tests__/frontmatter.test.ts" line="134" assertions="2" />
      <testcase name="fails when tags is not an array" classname="parseFrontmatter" time="0.000149" file="plugins/docs-skill/src/__tests__/frontmatter.test.ts" line="150" assertions="2" />
      <testcase name="fails when tags contains non-strings" classname="parseFrontmatter" time="0.000085" file="plugins/docs-skill/src/__tests__/frontmatter.test.ts" line="167" assertions="2" />
      <testcase name="counts content lines correctly" classname="parseFrontmatter" time="0.000111" file="plugins/docs-skill/src/__tests__/frontmatter.test.ts" line="186" assertions="2" />
      <testcase name="handles empty content" classname="parseFrontmatter" time="0.00009" file="plugins/docs-skill/src/__tests__/frontmatter.test.ts" line="204" assertions="3" />
    </testsuite>
    <testsuite name="isValidTopicFormat" file="plugins/docs-skill/src/__tests__/frontmatter.test.ts" line="220" tests="12" assertions="12" failures="0" skipped="0" time="0" hostname="Tims-M5-MacBook-Pro.local">
      <testcase name="accepts valid simple topic" classname="isValidTopicFormat" time="0.000013" file="plugins/docs-skill/src/__tests__/frontmatter.test.ts" line="221" assertions="1" />
      <testcase name="accepts valid nested topic" classname="isValidTopicFormat" time="0.000007" file="plugins/docs-skill/src/__tests__/frontmatter.test.ts" line="225" assertions="1" />
      <testcase name="accepts valid deeply nested topic" classname="isValidTopicFormat" time="0.000007" file="plugins/docs-skill/src/__tests__/frontmatter.test.ts" line="229" assertions="1" />
      <testcase name="accepts topic with numbers" classname="isValidTopicFormat" time="0.000003" file="plugins/docs-skill/src/__tests__/frontmatter.test.ts" line="233" assertions="1" />
      <testcase name="accepts topic with hyphens" classname="isValidTopicFormat" time="0.000005" file="plugins/docs-skill/src/__tests__/frontmatter.test.ts" line="237" assertions="1" />
      <testcase name="rejects uppercase letters" classname="isValidTopicFormat" time="0" file="plugins/docs-skill/src/__tests__/frontmatter.test.ts" line="241" assertions="1" />
      <testcase name="rejects leading slash" classname="isValidTopicFormat" time="0" file="plugins/docs-skill/src/__tests__/frontmatter.test.ts" line="245" assertions="1" />
      <testcase name="rejects trailing slash" classname="isValidTopicFormat" time="0" file="plugins/docs-skill/src/__tests__/frontmatter.test.ts" line="249" assertions="1" />
      <testcase name="rejects consecutive slashes" classname="isValidTopicFormat" time="0" file="plugins/docs-skill/src/__tests__/frontmatter.test.ts" line="253" assertions="1" />
      <testcase name="rejects spaces" classname="isValidTopicFormat" time="0" file="plugins/docs-skill/src/__tests__/frontmatter.test.ts" line="257" assertions="1" />
      <testcase name="rejects special characters" classname="isValidTopicFormat" time="0.000034" file="plugins/docs-skill/src/__tests__/frontmatter.test.ts" line="261" assertions="1" />
      <testcase name="rejects empty string" classname="isValidTopicFormat" time="0" file="plugins/docs-skill/src/__tests__/frontmatter.test.ts" line="265" assertions="1" />
    </testsuite>
    <testsuite name="generateFrontmatter" file="plugins/docs-skill/src/__tests__/frontmatter.test.ts" line="270" tests="3" assertions="11" failures="0" skipped="0" time="0" hostname="Tims-M5-MacBook-Pro.local">
      <testcase name="generates frontmatter with required fields" classname="generateFrontmatter" time="0.000035" file="plugins/docs-skill/src/__tests__/frontmatter.test.ts" line="271" assertions="3" />
      <testcase name="generates frontmatter with all fields" classname="generateFrontmatter" time="0" file="plugins/docs-skill/src/__tests__/frontmatter.test.ts" line="284" assertions="7" />
      <testcase name="escapes quotes in title" classname="generateFrontmatter" time="0.000093" file="plugins/docs-skill/src/__tests__/frontmatter.test.ts" line="306" assertions="1" />
    </testsuite>
    <testsuite name="parseMarkdownFile" file="plugins/docs-skill/src/__tests__/frontmatter.test.ts" line="318" tests="2" assertions="5" failures="0" skipped="0" time="0" hostname="Tims-M5-MacBook-Pro.local">
      <testcase name="returns ParsedDoc for valid file" classname="parseMarkdownFile" time="0.00008" file="plugins/docs-skill/src/__tests__/frontmatter.test.ts" line="319" assertions="4" />
      <testcase name="returns null for invalid file" classname="parseMarkdownFile" time="0.000014" file="plugins/docs-skill/src/__tests__/frontmatter.test.ts" line="335" assertions="1" />
    </testsuite>
  </testsuite>
  <testsuite name="plugins/docs-skill/src/__tests__/validator.test.ts" file="plugins/docs-skill/src/__tests__/validator.test.ts" tests="22" assertions="40" failures="0" skipped="0" time="0" hostname="Tims-M5-MacBook-Pro.local">
    <testsuite name="validateDoc" file="plugins/docs-skill/src/__tests__/validator.test.ts" line="11" tests="8" assertions="9" failures="0" skipped="0" time="0" hostname="Tims-M5-MacBook-Pro.local">
      <testcase name="returns no errors for valid doc" classname="validateDoc" time="0" file="plugins/docs-skill/src/__tests__/validator.test.ts" line="12" assertions="1" />
      <testcase name="reports missing topic" classname="validateDoc" time="0.000023" file="plugins/docs-skill/src/__tests__/validator.test.ts" line="28" assertions="1" />
      <testcase name="reports invalid topic format" classname="validateDoc" time="0.000016" file="plugins/docs-skill/src/__tests__/validator.test.ts" line="44" assertions="1" />
      <testcase name="reports missing title" classname="validateDoc" time="0.000005" file="plugins/docs-skill/src/__tests__/validator.test.ts" line="60" assertions="1" />
      <testcase name="reports line limit exceeded" classname="validateDoc" time="0.00003" file="plugins/docs-skill/src/__tests__/validator.test.ts" line="76" assertions="1" />
      <testcase name="does not report at exactly line limit" classname="validateDoc" time="0.000008" file="plugins/docs-skill/src/__tests__/validator.test.ts" line="92" assertions="1" />
      <testcase name="includes path in all errors" classname="validateDoc" time="0.000013" file="plugins/docs-skill/src/__tests__/validator.test.ts" line="108" assertions="2" />
      <testcase name="can report multiple errors at once" classname="validateDoc" time="0.00002" file="plugins/docs-skill/src/__tests__/validator.test.ts" line="126" assertions="1" />
    </testsuite>
    <testsuite name="validateRawMarkdown" file="plugins/docs-skill/src/__tests__/validator.test.ts" line="143" tests="6" assertions="8" failures="0" skipped="0" time="0" hostname="Tims-M5-MacBook-Pro.local">
      <testcase name="returns no errors for valid markdown" classname="validateRawMarkdown" time="0.000182" file="plugins/docs-skill/src/__tests__/validator.test.ts" line="144" assertions="1" />
      <testcase name="reports missing frontmatter" classname="validateRawMarkdown" time="0.000045" file="plugins/docs-skill/src/__tests__/validator.test.ts" line="157" assertions="1" />
      <testcase name="reports unclosed frontmatter" classname="validateRawMarkdown" time="0.000033" file="plugins/docs-skill/src/__tests__/validator.test.ts" line="167" assertions="1" />
      <testcase name="reports invalid YAML" classname="validateRawMarkdown" time="0.00016" file="plugins/docs-skill/src/__tests__/validator.test.ts" line="179" assertions="2" />
      <testcase name="validates content after parsing frontmatter" classname="validateRawMarkdown" time="0.000069" file="plugins/docs-skill/src/__tests__/validator.test.ts" line="193" assertions="2" />
      <testcase name="correctly counts lines excluding frontmatter" classname="validateRawMarkdown" time="0.000119" file="plugins/docs-skill/src/__tests__/validator.test.ts" line="208" assertions="1" />
    </testsuite>
    <testsuite name="formatValidationErrors" file="plugins/docs-skill/src/__tests__/validator.test.ts" line="227" tests="4" assertions="9" failures="0" skipped="0" time="0" hostname="Tims-M5-MacBook-Pro.local">
      <testcase name="returns message for no errors" classname="formatValidationErrors" time="0.00006" file="plugins/docs-skill/src/__tests__/validator.test.ts" line="228" assertions="1" />
      <testcase name="formats single error" classname="formatValidationErrors" time="0.000035" file="plugins/docs-skill/src/__tests__/validator.test.ts" line="234" assertions="4" />
      <testcase name="formats multiple errors" classname="formatValidationErrors" time="0.000012" file="plugins/docs-skill/src/__tests__/validator.test.ts" line="251" assertions="3" />
      <testcase name="includes line number when present" classname="formatValidationErrors" time="0.000015" file="plugins/docs-skill/src/__tests__/validator.test.ts" line="272" assertions="1" />
    </testsuite>
    <testsuite name="formatValidationResult" file="plugins/docs-skill/src/__tests__/validator.test.ts" line="288" tests="4" assertions="14" failures="0" skipped="0" time="0" hostname="Tims-M5-MacBook-Pro.local">
      <testcase name="formats valid result" classname="formatValidationResult" time="0.000009" file="plugins/docs-skill/src/__tests__/validator.test.ts" line="289" assertions="4" />
      <testcase name="formats invalid result with errors" classname="formatValidationResult" time="0.00003" file="plugins/docs-skill/src/__tests__/validator.test.ts" line="306" assertions="5" />
      <testcase name="formats result with multiple errors" classname="formatValidationResult" time="0.000015" file="plugins/docs-skill/src/__tests__/validator.test.ts" line="330" assertions="4" />
      <testcase name="includes line numbers in error output" classname="formatValidationResult" time="0.000017" file="plugins/docs-skill/src/__tests__/validator.test.ts" line="351" assertions="1" />
    </testsuite>
  </testsuite>
  <testsuite name="plugins/docs-skill/src/__tests__/topic-matcher.test.ts" file="plugins/docs-skill/src/__tests__/topic-matcher.test.ts" tests="41" assertions="70" failures="0" skipped="0" time="0" hostname="Tims-M5-MacBook-Pro.local">
    <testsuite name="isNegationPattern" file="plugins/docs-skill/src/__tests__/topic-matcher.test.ts" line="17" tests="3" assertions="3" failures="0" skipped="0" time="0" hostname="Tims-M5-MacBook-Pro.local">
      <testcase name="returns true for patterns starting with !" classname="isNegationPattern" time="0" file="plugins/docs-skill/src/__tests__/topic-matcher.test.ts" line="18" assertions="1" />
      <testcase name="returns false for regular patterns" classname="isNegationPattern" time="0.00016" file="plugins/docs-skill/src/__tests__/topic-matcher.test.ts" line="22" assertions="1" />
      <testcase name="returns false for patterns with ! elsewhere" classname="isNegationPattern" time="0" file="plugins/docs-skill/src/__tests__/topic-matcher.test.ts" line="26" assertions="1" />
    </testsuite>
    <testsuite name="getActualPattern" file="plugins/docs-skill/src/__tests__/topic-matcher.test.ts" line="31" tests="2" assertions="2" failures="0" skipped="0" time="0" hostname="Tims-M5-MacBook-Pro.local">
      <testcase name="removes ! prefix from negation patterns" classname="getActualPattern" time="0.000019" file="plugins/docs-skill/src/__tests__/topic-matcher.test.ts" line="32" assertions="1" />
      <testcase name="returns pattern unchanged if not negation" classname="getActualPattern" time="0.00001" file="plugins/docs-skill/src/__tests__/topic-matcher.test.ts" line="36" assertions="1" />
    </testsuite>
    <testsuite name="matchesPattern" file="plugins/docs-skill/src/__tests__/topic-matcher.test.ts" line="41" tests="11" assertions="14" failures="0" skipped="0" time="0" hostname="Tims-M5-MacBook-Pro.local">
      <testsuite name="exact matching" file="plugins/docs-skill/src/__tests__/topic-matcher.test.ts" line="42" tests="3" assertions="3" failures="0" skipped="0" time="0" hostname="Tims-M5-MacBook-Pro.local">
        <testcase name="matches exact topic" classname="exact matching &amp;gt; matchesPattern" time="0.000013" file="plugins/docs-skill/src/__tests__/topic-matcher.test.ts" line="43" assertions="1" />
        <testcase name="does not match different topic" classname="exact matching &amp;gt; matchesPattern" time="0.000006" file="plugins/docs-skill/src/__tests__/topic-matcher.test.ts" line="47" assertions="1" />
        <testcase name="matches topic that starts with pattern followed by /" classname="exact matching &amp;gt; matchesPattern" time="0.000006" file="plugins/docs-skill/src/__tests__/topic-matcher.test.ts" line="51" assertions="1" />
      </testsuite>
      <testsuite name="single wildcard (*)" file="plugins/docs-skill/src/__tests__/topic-matcher.test.ts" line="56" tests="3" assertions="4" failures="0" skipped="0" time="0" hostname="Tims-M5-MacBook-Pro.local">
        <testcase name="matches direct children" classname="single wildcard (*) &amp;gt; matchesPattern" time="0.000698" file="plugins/docs-skill/src/__tests__/topic-matcher.test.ts" line="57" assertions="1" />
        <testcase name="does not match nested paths" classname="single wildcard (*) &amp;gt; matchesPattern" time="0.000039" file="plugins/docs-skill/src/__tests__/topic-matcher.test.ts" line="61" assertions="1" />
        <testcase name="matches any direct child" classname="single wildcard (*) &amp;gt; matchesPattern" time="0.000039" file="plugins/docs-skill/src/__tests__/topic-matcher.test.ts" line="65" assertions="2" />
      </testsuite>
      <testsuite name="double wildcard (**)" file="plugins/docs-skill/src/__tests__/topic-matcher.test.ts" line="71" tests="3" assertions="5" failures="0" skipped="0" time="0" hostname="Tims-M5-MacBook-Pro.local">
        <testcase name="matches all nested paths" classname="double wildcard (**) &amp;gt; matchesPattern" time="0.000057" file="plugins/docs-skill/src/__tests__/topic-matcher.test.ts" line="72" assertions="3" />
        <testcase name="matches direct children too" classname="double wildcard (**) &amp;gt; matchesPattern" time="0.000013" file="plugins/docs-skill/src/__tests__/topic-matcher.test.ts" line="78" assertions="1" />
        <testcase name="does not match different prefix" classname="double wildcard (**) &amp;gt; matchesPattern" time="0.000029" file="plugins/docs-skill/src/__tests__/topic-matcher.test.ts" line="82" assertions="1" />
      </testsuite>
      <testsuite name="complex patterns" file="plugins/docs-skill/src/__tests__/topic-matcher.test.ts" line="87" tests="2" assertions="2" failures="0" skipped="0" time="0" hostname="Tims-M5-MacBook-Pro.local">
        <testcase name="matches pattern with wildcard in middle" classname="complex patterns &amp;gt; matchesPattern" time="0.000006" file="plugins/docs-skill/src/__tests__/topic-matcher.test.ts" line="88" assertions="1" />
        <testcase name="matches pattern ending with wildcard" classname="complex patterns &amp;gt; matchesPattern" time="0.000038" file="plugins/docs-skill/src/__tests__/topic-matcher.test.ts" line="92" assertions="1" />
      </testsuite>
    </testsuite>
    <testsuite name="matchTopic" file="plugins/docs-skill/src/__tests__/topic-matcher.test.ts" line="98" tests="5" assertions="11" failures="0" skipped="0" time="0" hostname="Tims-M5-MacBook-Pro.local">
      <testcase name="returns included: false when no patterns match" classname="matchTopic" time="0.000008" file="plugins/docs-skill/src/__tests__/topic-matcher.test.ts" line="99" assertions="2" />
      <testcase name="returns included: true when pattern matches" classname="matchTopic" time="0.000027" file="plugins/docs-skill/src/__tests__/topic-matcher.test.ts" line="105" assertions="2" />
      <testcase name="returns included: false when negation pattern matches" classname="matchTopic" time="0.000043" file="plugins/docs-skill/src/__tests__/topic-matcher.test.ts" line="111" assertions="2" />
      <testcase name="later patterns override earlier ones" classname="matchTopic" time="0.00004" file="plugins/docs-skill/src/__tests__/topic-matcher.test.ts" line="117" assertions="2" />
      <testcase name="handles multiple exclusions correctly" classname="matchTopic" time="0.000152" file="plugins/docs-skill/src/__tests__/topic-matcher.test.ts" line="124" assertions="3" />
    </testsuite>
    <testsuite name="matchTopics" file="plugins/docs-skill/src/__tests__/topic-matcher.test.ts" line="133" tests="1" assertions="4" failures="0" skipped="0" time="0" hostname="Tims-M5-MacBook-Pro.local">
      <testcase name="matches multiple topics against patterns" classname="matchTopics" time="0.000116" file="plugins/docs-skill/src/__tests__/topic-matcher.test.ts" line="134" assertions="4" />
    </testsuite>
    <testsuite name="getIncludedTopics" file="plugins/docs-skill/src/__tests__/topic-matcher.test.ts" line="147" tests="3" assertions="3" failures="0" skipped="0" time="0" hostname="Tims-M5-MacBook-Pro.local">
      <testcase name="returns only included topics" classname="getIncludedTopics" time="0.00005" file="plugins/docs-skill/src/__tests__/topic-matcher.test.ts" line="148" assertions="1" />
      <testcase name="respects exclusion patterns" classname="getIncludedTopics" time="0.000234" file="plugins/docs-skill/src/__tests__/topic-matcher.test.ts" line="157" assertions="1" />
      <testcase name="returns empty array when nothing matches" classname="getIncludedTopics" time="0.00013" file="plugins/docs-skill/src/__tests__/topic-matcher.test.ts" line="166" assertions="1" />
    </testsuite>
    <testsuite name="getExcludedTopics" file="plugins/docs-skill/src/__tests__/topic-matcher.test.ts" line="176" tests="1" assertions="1" failures="0" skipped="0" time="0" hostname="Tims-M5-MacBook-Pro.local">
      <testcase name="returns only excluded topics" classname="getExcludedTopics" time="0.000046" file="plugins/docs-skill/src/__tests__/topic-matcher.test.ts" line="177" assertions="1" />
    </testsuite>
    <testsuite name="isValidPattern" file="plugins/docs-skill/src/__tests__/topic-matcher.test.ts" line="187" tests="5" assertions="13" failures="0" skipped="0" time="0" hostname="Tims-M5-MacBook-Pro.local">
      <testcase name="accepts valid patterns" classname="isValidPattern" time="0.000107" file="plugins/docs-skill/src/__tests__/topic-matcher.test.ts" line="188" assertions="5" />
      <testcase name="rejects empty pattern" classname="isValidPattern" time="0.000013" file="plugins/docs-skill/src/__tests__/topic-matcher.test.ts" line="196" assertions="2" />
      <testcase name="rejects patterns with invalid characters" classname="isValidPattern" time="0.000012" file="plugins/docs-skill/src/__tests__/topic-matcher.test.ts" line="201" assertions="3" />
      <testcase name="rejects patterns starting or ending with /" classname="isValidPattern" time="0.000011" file="plugins/docs-skill/src/__tests__/topic-matcher.test.ts" line="207" assertions="2" />
      <testcase name="rejects patterns with ***" classname="isValidPattern" time="0.000011" file="plugins/docs-skill/src/__tests__/topic-matcher.test.ts" line="212" assertions="1" />
    </testsuite>
    <testsuite name="groupTopicsBySource" file="plugins/docs-skill/src/__tests__/topic-matcher.test.ts" line="217" tests="2" assertions="3" failures="0" skipped="0" time="0" hostname="Tims-M5-MacBook-Pro.local">
      <testcase name="groups topics by their first segment" classname="groupTopicsBySource" time="0.000158" file="plugins/docs-skill/src/__tests__/topic-matcher.test.ts" line="218" assertions="2" />
      <testcase name="handles single topic per source" classname="groupTopicsBySource" time="0.000043" file="plugins/docs-skill/src/__tests__/topic-matcher.test.ts" line="232" assertions="1" />
    </testsuite>
    <testsuite name="getSourceFromTopic" file="plugins/docs-skill/src/__tests__/topic-matcher.test.ts" line="241" tests="1" assertions="3" failures="0" skipped="0" time="0" hostname="Tims-M5-MacBook-Pro.local">
      <testcase name="extracts first segment as source" classname="getSourceFromTopic" time="0.00001" file="plugins/docs-skill/src/__tests__/topic-matcher.test.ts" line="242" assertions="3" />
    </testsuite>
    <testsuite name="formatPatterns" file="plugins/docs-skill/src/__tests__/topic-matcher.test.ts" line="249" tests="4" assertions="5" failures="0" skipped="0" time="0" hostname="Tims-M5-MacBook-Pro.local">
      <testcase name="formats empty patterns list" classname="formatPatterns" time="0.000017" file="plugins/docs-skill/src/__tests__/topic-matcher.test.ts" line="250" assertions="1" />
      <testcase name="formats inclusion patterns" classname="formatPatterns" time="0.000024" file="plugins/docs-skill/src/__tests__/topic-matcher.test.ts" line="255" assertions="1" />
      <testcase name="formats exclusion patterns" classname="formatPatterns" time="0.000007" file="plugins/docs-skill/src/__tests__/topic-matcher.test.ts" line="260" assertions="1" />
      <testcase name="formats mixed patterns" classname="formatPatterns" time="0.000008" file="plugins/docs-skill/src/__tests__/topic-matcher.test.ts" line="265" assertions="2" />
    </testsuite>
    <testsuite name="explainMatch" file="plugins/docs-skill/src/__tests__/topic-matcher.test.ts" line="272" tests="3" assertions="8" failures="0" skipped="0" time="0" hostname="Tims-M5-MacBook-Pro.local">
      <testcase name="explains included match" classname="explainMatch" time="0.000008" file="plugins/docs-skill/src/__tests__/topic-matcher.test.ts" line="273" assertions="3" />
      <testcase name="explains excluded match" classname="explainMatch" time="0.00002" file="plugins/docs-skill/src/__tests__/topic-matcher.test.ts" line="285" assertions="3" />
      <testcase name="explains no match" classname="explainMatch" time="0.00001" file="plugins/docs-skill/src/__tests__/topic-matcher.test.ts" line="297" assertions="2" />
    </testsuite>
  </testsuite>
  <testsuite name="plugins/docs-skill/src/__tests__/markdown-splitter.test.ts" file="plugins/docs-skill/src/__tests__/markdown-splitter.test.ts" tests="37" assertions="73" failures="0" skipped="0" time="0" hostname="Tims-M5-MacBook-Pro.local">
    <testsuite name="splitByHeadings" file="plugins/docs-skill/src/__tests__/markdown-splitter.test.ts" line="13" tests="9" assertions="32" failures="0" skipped="0" time="0" hostname="Tims-M5-MacBook-Pro.local">
      <testcase name="splits content at h2 headings by default" classname="splitByHeadings" time="0.000132" file="plugins/docs-skill/src/__tests__/markdown-splitter.test.ts" line="14" assertions="7" />
      <testcase name="respects maxLevel option" classname="splitByHeadings" time="0.000034" file="plugins/docs-skill/src/__tests__/markdown-splitter.test.ts" line="39" assertions="4" />
      <testcase name="captures heading level correctly" classname="splitByHeadings" time="0.000013" file="plugins/docs-skill/src/__tests__/markdown-splitter.test.ts" line="56" assertions="2" />
      <testcase name="tracks line numbers" classname="splitByHeadings" time="0.000011" file="plugins/docs-skill/src/__tests__/markdown-splitter.test.ts" line="71" assertions="2" />
      <testcase name="handles content with no headings" classname="splitByHeadings" time="0.000017" file="plugins/docs-skill/src/__tests__/markdown-splitter.test.ts" line="87" assertions="4" />
      <testcase name="handles empty content" classname="splitByHeadings" time="0.000008" file="plugins/docs-skill/src/__tests__/markdown-splitter.test.ts" line="100" assertions="3" />
      <testcase name="handles content with only headings" classname="splitByHeadings" time="0.00001" file="plugins/docs-skill/src/__tests__/markdown-splitter.test.ts" line="109" assertions="4" />
      <testcase name="does not split on h3+ when maxLevel is 2" classname="splitByHeadings" time="0.000009" file="plugins/docs-skill/src/__tests__/markdown-splitter.test.ts" line="124" assertions="3" />
      <testcase name="handles headings with special characters" classname="splitByHeadings" time="0.000008" file="plugins/docs-skill/src/__tests__/markdown-splitter.test.ts" line="142" assertions="3" />
    </testsuite>
    <testsuite name="mergeSections" file="plugins/docs-skill/src/__tests__/markdown-splitter.test.ts" line="159" tests="4" assertions="7" failures="0" skipped="0" time="0" hostname="Tims-M5-MacBook-Pro.local">
      <testcase name="merges small consecutive sections" classname="mergeSections" time="0.000021" file="plugins/docs-skill/src/__tests__/markdown-splitter.test.ts" line="160" assertions="4" />
      <testcase name="does not merge sections that exceed minLines" classname="mergeSections" time="0.000025" file="plugins/docs-skill/src/__tests__/markdown-splitter.test.ts" line="174" assertions="1" />
      <testcase name="handles empty sections array" classname="mergeSections" time="0.000019" file="plugins/docs-skill/src/__tests__/markdown-splitter.test.ts" line="186" assertions="1" />
      <testcase name="preserves end line from merged sections" classname="mergeSections" time="0.000015" file="plugins/docs-skill/src/__tests__/markdown-splitter.test.ts" line="191" assertions="1" />
    </testsuite>
    <testsuite name="splitLargeSection" file="plugins/docs-skill/src/__tests__/markdown-splitter.test.ts" line="203" tests="3" assertions="8" failures="0" skipped="0" time="0" hostname="Tims-M5-MacBook-Pro.local">
      <testcase name="returns unchanged if under limit" classname="splitLargeSection" time="0.000037" file="plugins/docs-skill/src/__tests__/markdown-splitter.test.ts" line="204" assertions="2" />
      <testcase name="splits large section into parts" classname="splitLargeSection" time="0.000022" file="plugins/docs-skill/src/__tests__/markdown-splitter.test.ts" line="219" assertions="3" />
      <testcase name="preserves level in split parts" classname="splitLargeSection" time="0.000065" file="plugins/docs-skill/src/__tests__/markdown-splitter.test.ts" line="236" assertions="3" />
    </testsuite>
    <testsuite name="extractHeadingText" file="plugins/docs-skill/src/__tests__/markdown-splitter.test.ts" line="254" tests="6" assertions="6" failures="0" skipped="0" time="0" hostname="Tims-M5-MacBook-Pro.local">
      <testcase name="extracts text from h1" classname="extractHeadingText" time="0.00001" file="plugins/docs-skill/src/__tests__/markdown-splitter.test.ts" line="255" assertions="1" />
      <testcase name="extracts text from h2" classname="extractHeadingText" time="0.000014" file="plugins/docs-skill/src/__tests__/markdown-splitter.test.ts" line="259" assertions="1" />
      <testcase name="extracts text from h6" classname="extractHeadingText" time="0.000005" file="plugins/docs-skill/src/__tests__/markdown-splitter.test.ts" line="263" assertions="1" />
      <testcase name="handles extra spaces" classname="extractHeadingText" time="0.000004" file="plugins/docs-skill/src/__tests__/markdown-splitter.test.ts" line="267" assertions="1" />
      <testcase name="returns trimmed input for non-heading" classname="extractHeadingText" time="0.000006" file="plugins/docs-skill/src/__tests__/markdown-splitter.test.ts" line="271" assertions="1" />
      <testcase name="handles empty heading text" classname="extractHeadingText" time="0.000005" file="plugins/docs-skill/src/__tests__/markdown-splitter.test.ts" line="275" assertions="1" />
    </testsuite>
    <testsuite name="headingToSlug" file="plugins/docs-skill/src/__tests__/markdown-splitter.test.ts" line="281" tests="6" assertions="6" failures="0" skipped="0" time="0" hostname="Tims-M5-MacBook-Pro.local">
      <testcase name="converts to lowercase" classname="headingToSlug" time="0.000048" file="plugins/docs-skill/src/__tests__/markdown-splitter.test.ts" line="282" assertions="1" />
      <testcase name="replaces spaces with hyphens" classname="headingToSlug" time="0.000011" file="plugins/docs-skill/src/__tests__/markdown-splitter.test.ts" line="286" assertions="1" />
      <testcase name="removes special characters" classname="headingToSlug" time="0.000009" file="plugins/docs-skill/src/__tests__/markdown-splitter.test.ts" line="290" assertions="1" />
      <testcase name="handles numbers" classname="headingToSlug" time="0.000006" file="plugins/docs-skill/src/__tests__/markdown-splitter.test.ts" line="294" assertions="1" />
      <testcase name="collapses multiple hyphens" classname="headingToSlug" time="0.000004" file="plugins/docs-skill/src/__tests__/markdown-splitter.test.ts" line="298" assertions="1" />
      <testcase name="removes leading and trailing hyphens" classname="headingToSlug" time="0.000007" file="plugins/docs-skill/src/__tests__/markdown-splitter.test.ts" line="302" assertions="1" />
    </testsuite>
    <testsuite name="buildTableOfContents" file="plugins/docs-skill/src/__tests__/markdown-splitter.test.ts" line="307" tests="4" assertions="9" failures="0" skipped="0" time="0" hostname="Tims-M5-MacBook-Pro.local">
      <testcase name="builds TOC from sections" classname="buildTableOfContents" time="0.000032" file="plugins/docs-skill/src/__tests__/markdown-splitter.test.ts" line="308" assertions="3" />
      <testcase name="indents based on heading level" classname="buildTableOfContents" time="0.000048" file="plugins/docs-skill/src/__tests__/markdown-splitter.test.ts" line="322" assertions="3" />
      <testcase name="skips sections without headings" classname="buildTableOfContents" time="0.000014" file="plugins/docs-skill/src/__tests__/markdown-splitter.test.ts" line="337" assertions="2" />
      <testcase name="handles empty sections array" classname="buildTableOfContents" time="0.000007" file="plugins/docs-skill/src/__tests__/markdown-splitter.test.ts" line="349" assertions="1" />
    </testsuite>
    <testsuite name="getContentLineCount" file="plugins/docs-skill/src/__tests__/markdown-splitter.test.ts" line="355" tests="5" assertions="5" failures="0" skipped="0" time="0" hostname="Tims-M5-MacBook-Pro.local">
      <testcase name="counts lines in content" classname="getContentLineCount" time="0.000003" file="plugins/docs-skill/src/__tests__/markdown-splitter.test.ts" line="356" assertions="1" />
      <testcase name="returns 0 for empty content" classname="getContentLineCount" time="0.000015" file="plugins/docs-skill/src/__tests__/markdown-splitter.test.ts" line="360" assertions="1" />
      <testcase name="returns 0 for whitespace-only content" classname="getContentLineCount" time="0.000005" file="plugins/docs-skill/src/__tests__/markdown-splitter.test.ts" line="364" assertions="1" />
      <testcase name="trims content before counting" classname="getContentLineCount" time="0.000005" file="plugins/docs-skill/src/__tests__/markdown-splitter.test.ts" line="368" assertions="1" />
      <testcase name="counts single line correctly" classname="getContentLineCount" time="0.000005" file="plugins/docs-skill/src/__tests__/markdown-splitter.test.ts" line="372" assertions="1" />
    </testsuite>
  </testsuite>
  <testsuite name="plugins/requirements-tracker/src/__tests__/fixtures/sample-tests/auth.test.ts" file="plugins/requirements-tracker/src/__tests__/fixtures/sample-tests/auth.test.ts" tests="3" assertions="4" failures="0" skipped="0" time="0" hostname="Tims-M5-MacBook-Pro.local">
    <testsuite name="Auth" file="plugins/requirements-tracker/src/__tests__/fixtures/sample-tests/auth.test.ts" line="3" tests="3" assertions="4" failures="0" skipped="0" time="0" hostname="Tims-M5-MacBook-Pro.local">
      <testcase name="validates login credentials" classname="Auth" time="0.000075" file="plugins/requirements-tracker/src/__tests__/fixtures/sample-tests/auth.test.ts" line="4" assertions="1" />
      <testcase name="handles invalid password" classname="Auth" time="0.00001" file="plugins/requirements-tracker/src/__tests__/fixtures/sample-tests/auth.test.ts" line="9" assertions="2" />
      <testcase name="handles empty email" classname="Auth" time="0" file="plugins/requirements-tracker/src/__tests__/fixtures/sample-tests/auth.test.ts" line="15" assertions="1" />
    </testsuite>
  </testsuite>
  <testsuite name="plugins/requirements-tracker/src/__tests__/fixtures/sample-tests/advanced-patterns.test.ts" file="plugins/requirements-tracker/src/__tests__/fixtures/sample-tests/advanced-patterns.test.ts" tests="24" assertions="21" failures="0" skipped="3" time="0" hostname="Tims-M5-MacBook-Pro.local">
    <testcase name="handles basic assertions" classname="" time="0" file="plugins/requirements-tracker/src/__tests__/fixtures/sample-tests/advanced-patterns.test.ts" line="8" assertions="1" />
    <testcase name="validates string concatenation" classname="" time="0.000132" file="plugins/requirements-tracker/src/__tests__/fixtures/sample-tests/advanced-patterns.test.ts" line="12" assertions="1" />
    <testcase name="runs async test" classname="" time="0.000007" file="plugins/requirements-tracker/src/__tests__/fixtures/sample-tests/advanced-patterns.test.ts" line="16" assertions="1" />
    <testcase name="focused test - runs exclusively" classname="" time="0" file="plugins/requirements-tracker/src/__tests__/fixtures/sample-tests/advanced-patterns.test.ts" line="22" assertions="0">
      <skipped />
    </testcase>
    <testcase name="skipped test - not executed" classname="" time="0" file="plugins/requirements-tracker/src/__tests__/fixtures/sample-tests/advanced-patterns.test.ts" line="26" assertions="0">
      <skipped />
    </testcase>
    <testcase name="focused test variant" classname="" time="0" file="plugins/requirements-tracker/src/__tests__/fixtures/sample-tests/advanced-patterns.test.ts" line="30" assertions="0">
      <skipped />
    </testcase>
    <testcase name="adds 1 + 2 to equal 3" classname="" time="0.000005" file="plugins/requirements-tracker/src/__tests__/fixtures/sample-tests/advanced-patterns.test.ts" line="39" assertions="1" />
    <testcase name="adds 2 + 3 to equal 5" classname="" time="0" file="plugins/requirements-tracker/src/__tests__/fixtures/sample-tests/advanced-patterns.test.ts" line="39" assertions="1" />
    <testcase name="adds 10 + 20 to equal 30" classname="" time="0" file="plugins/requirements-tracker/src/__tests__/fixtures/sample-tests/advanced-patterns.test.ts" line="39" assertions="1" />
    <testcase name="calculates length of &apos;hello&apos;" classname="" time="0.000006" file="plugins/requirements-tracker/src/__tests__/fixtures/sample-tests/advanced-patterns.test.ts" line="46" assertions="1" />
    <testcase name="calculates length of &apos;world&apos;" classname="" time="0" file="plugins/requirements-tracker/src/__tests__/fixtures/sample-tests/advanced-patterns.test.ts" line="46" assertions="1" />
    <testsuite name="cross-browser tests for chrome" file="plugins/requirements-tracker/src/__tests__/fixtures/sample-tests/advanced-patterns.test.ts" line="53" tests="1" assertions="1" failures="0" skipped="0" time="0" hostname="Tims-M5-MacBook-Pro.local">
      <testcase name="should support chrome v100" classname="cross-browser tests for chrome" time="0.000007" file="plugins/requirements-tracker/src/__tests__/fixtures/sample-tests/advanced-patterns.test.ts" line="54" assertions="1" />
    </testsuite>
    <testsuite name="cross-browser tests for firefox" file="plugins/requirements-tracker/src/__tests__/fixtures/sample-tests/advanced-patterns.test.ts" line="53" tests="1" assertions="1" failures="0" skipped="0" time="0" hostname="Tims-M5-MacBook-Pro.local">
      <testcase name="should support firefox v90" classname="cross-browser tests for firefox" time="0" file="plugins/requirements-tracker/src/__tests__/fixtures/sample-tests/advanced-patterns.test.ts" line="54" assertions="1" />
    </testsuite>
    <testcase name="template literal test name" classname="" time="0.000004" file="plugins/requirements-tracker/src/__tests__/fixtures/sample-tests/advanced-patterns.test.ts" line="60" assertions="1" />
    <testcase name="test with dynamic interpolation" classname="" time="0.000001" file="plugins/requirements-tracker/src/__tests__/fixtures/sample-tests/advanced-patterns.test.ts" line="65" assertions="1" />
    <testsuite name="authentication" file="plugins/requirements-tracker/src/__tests__/fixtures/sample-tests/advanced-patterns.test.ts" line="70" tests="4" assertions="4" failures="0" skipped="0" time="0" hostname="Tims-M5-MacBook-Pro.local">
      <testsuite name="login" file="plugins/requirements-tracker/src/__tests__/fixtures/sample-tests/advanced-patterns.test.ts" line="71" tests="2" assertions="2" failures="0" skipped="0" time="0" hostname="Tims-M5-MacBook-Pro.local">
        <testcase name="validates credentials" classname="login &amp;gt; authentication" time="0.000005" file="plugins/requirements-tracker/src/__tests__/fixtures/sample-tests/advanced-patterns.test.ts" line="72" assertions="1" />
        <testcase name="handles invalid credentials" classname="login &amp;gt; authentication" time="0.000006" file="plugins/requirements-tracker/src/__tests__/fixtures/sample-tests/advanced-patterns.test.ts" line="77" assertions="1" />
      </testsuite>
      <testsuite name="authorization for admin" file="plugins/requirements-tracker/src/__tests__/fixtures/sample-tests/advanced-patterns.test.ts" line="86" tests="1" assertions="1" failures="0" skipped="0" time="0" hostname="Tims-M5-MacBook-Pro.local">
        <testcase name="grants correct permissions to admin" classname="authorization for admin &amp;gt; authentication" time="0.000005" file="plugins/requirements-tracker/src/__tests__/fixtures/sample-tests/advanced-patterns.test.ts" line="87" assertions="1" />
      </testsuite>
      <testsuite name="authorization for user" file="plugins/requirements-tracker/src/__tests__/fixtures/sample-tests/advanced-patterns.test.ts" line="86" tests="1" assertions="1" failures="0" skipped="0" time="0" hostname="Tims-M5-MacBook-Pro.local">
        <testcase name="grants correct permissions to user" classname="authorization for user &amp;gt; authentication" time="0" file="plugins/requirements-tracker/src/__tests__/fixtures/sample-tests/advanced-patterns.test.ts" line="87" assertions="1" />
      </testsuite>
    </testsuite>
    <testcase name="test with {braces} in name" classname="" time="0.000009" file="plugins/requirements-tracker/src/__tests__/fixtures/sample-tests/advanced-patterns.test.ts" line="94" assertions="1" />
    <testcase name="test with &apos;nested&apos; &quot;quotes&quot; in name" classname="" time="0.000006" file="plugins/requirements-tracker/src/__tests__/fixtures/sample-tests/advanced-patterns.test.ts" line="99" assertions="1" />
    <testcase name="test with backticks and 2 expression" classname="" time="0.000004" file="plugins/requirements-tracker/src/__tests__/fixtures/sample-tests/advanced-patterns.test.ts" line="103" assertions="1" />
    <testcase name="arrow function without braces" classname="" time="0" file="plugins/requirements-tracker/src/__tests__/fixtures/sample-tests/advanced-patterns.test.ts" line="108" assertions="1" />
    <testcase name="multiline arrow function" classname="" time="0.000003" file="plugins/requirements-tracker/src/__tests__/fixtures/sample-tests/advanced-patterns.test.ts" line="110" assertions="1" />
  </testsuite>
  <testsuite name="plugins/requirements-tracker/src/__tests__/fixtures/sample-tests/nested.test.ts" file="plugins/requirements-tracker/src/__tests__/fixtures/sample-tests/nested.test.ts" tests="3" assertions="3" failures="0" skipped="0" time="0" hostname="Tims-M5-MacBook-Pro.local">
    <testsuite name="Payments" file="plugins/requirements-tracker/src/__tests__/fixtures/sample-tests/nested.test.ts" line="3" tests="3" assertions="3" failures="0" skipped="0" time="0" hostname="Tims-M5-MacBook-Pro.local">
      <testsuite name="Credit Card" file="plugins/requirements-tracker/src/__tests__/fixtures/sample-tests/nested.test.ts" line="4" tests="2" assertions="2" failures="0" skipped="0" time="0" hostname="Tims-M5-MacBook-Pro.local">
        <testcase name="processes valid card" classname="Credit Card &amp;gt; Payments" time="0" file="plugins/requirements-tracker/src/__tests__/fixtures/sample-tests/nested.test.ts" line="5" assertions="1" />
        <testcase name="rejects expired card" classname="Credit Card &amp;gt; Payments" time="0.000017" file="plugins/requirements-tracker/src/__tests__/fixtures/sample-tests/nested.test.ts" line="9" assertions="1" />
      </testsuite>
      <testsuite name="PayPal" file="plugins/requirements-tracker/src/__tests__/fixtures/sample-tests/nested.test.ts" line="14" tests="1" assertions="1" failures="0" skipped="0" time="0" hostname="Tims-M5-MacBook-Pro.local">
        <testcase name="redirects to PayPal" classname="PayPal &amp;gt; Payments" time="0" file="plugins/requirements-tracker/src/__tests__/fixtures/sample-tests/nested.test.ts" line="15" assertions="1" />
      </testsuite>
    </testsuite>
  </testsuite>
</testsuites>
